#
# A fatal error has been detected by the Java Runtime Environment:
#
#  SIGSEGV (0xb) at pc=0x000078db387b3900, pid=480440, tid=480444
#
# JRE version: OpenJDK Runtime Environment Homebrew (25.0.2) (build 25.0.2)
# Java VM: OpenJDK 64-Bit Server VM Homebrew (25.0.2, mixed mode, sharing, tiered, compressed oops, compressed class ptrs, g1 gc, linux-amd64)
# Problematic frame:
# C  [libxross_example.so+0x63900]  _RNvXs_Cs21dcYvjSBqu_11xross_allocNtB4_20XrossGlobalAllocatorNtNtNtCs7xuAoyMVi4A_4core5alloc6global11GlobalAlloc5alloc+0xf0
#
# Core dump will be written. Default location: Core dumps may be processed with "/usr/share/apport/apport -p%p -s%s -c%c -d%d -P%P -u%u -g%g -F%F -- %E" (or dumping to /home/the-infinitys/github/minecraft.infinite-client/project-xross/xross-example/app/core.480440)
#
# If you would like to submit a bug report, please visit:
#   https://github.com/Homebrew/homebrew-core/issues
# The crash happened outside the Java Virtual Machine in native code.
# See problematic frame for where to report the bug.
#

---------------  S U M M A R Y ------------

Command Line: -Dfile.encoding=UTF-8 -Duser.country=JP -Duser.language=ja -Duser.variant org.example.WithXrossAppKt

Host: 12th Gen Intel(R) Core(TM) i7-12700, 15 cores, 11G, Ubuntu 25.10
Time: Sun Feb 15 18:36:50 2026 JST elapsed time: 4.205223 seconds (0d 0h 0m 4s)

---------------  T H R E A D  ---------------

Current thread (0x000078db6401a220):  JavaThread "main"             [_thread_in_native, id=480444, stack(0x000078db68f00000,0x000078db69000000) (1024K)]

Stack: [0x000078db68f00000,0x000078db69000000],  sp=0x000078db68ffd9c0,  free space=1014k
Native frames: (J=compiled Java code, j=interpreted, Vv=VM code, C=native code)
C  [libxross_example.so+0x63900]  _RNvXs_Cs21dcYvjSBqu_11xross_allocNtB4_20XrossGlobalAllocatorNtNtNtCs7xuAoyMVi4A_4core5alloc6global11GlobalAlloc5alloc+0xf0
C  [libxross_example.so+0x3c839]  xross_example_xross_test_enum_layout+0x149
Java frames: (J=compiled Java code, j=interpreted, Vv=VM code)
v  ~RuntimeStub::nep_invoker_blob 0x000078db53c7d7e8
j  java.lang.invoke.LambdaForm$MH+0x000000004b052c00.invoke(Ljava/lang/Object;J)J+7 java.base@25.0.2
j  java.lang.invoke.LambdaForm$MH+0x000000004b05a800.invokeExact_MT(Ljava/lang/Object;JLjava/lang/Object;)J+19 java.base@25.0.2
j  jdk.internal.foreign.abi.DowncallStub+0x000000004b053000.invoke(Ljava/lang/foreign/SegmentAllocator;Ljava/lang/foreign/MemorySegment;)Ljava/lang/foreign/MemorySegment;+39 java.base@25.0.2
j  java.lang.invoke.DirectMethodHandle$Holder.invokeStatic(Ljava/lang/Object;Ljava/lang/Object;Ljava/lang/Object;)Ljava/lang/Object;+11 java.base@25.0.2
j  java.lang.invoke.LambdaForm$MH+0x000000004b054000.invoke(Ljava/lang/Object;)Ljava/lang/Object;+41 java.base@25.0.2
j  java.lang.invoke.Invokers$Holder.invokeExact_MT(Ljava/lang/Object;Ljava/lang/Object;)Ljava/lang/Object;+18 java.base@25.0.2
j  org.example.XrossTestEnum.<clinit>()V+649
v  ~StubRoutines::call_stub 0x000078db53b37fa4
j  org.example.MyService.retEnum()Lorg/example/XrossTestEnum;+116
j  org.example.WithXrossAppKt.executeEnumTest()V+9
j  org.example.WithXrossAppKt.main()V+90
j  org.example.WithXrossAppKt.main([Ljava/lang/String;)V+0
v  ~StubRoutines::call_stub 0x000078db53b37fa4

siginfo: si_signo: 11 (SIGSEGV), si_code: 1 (SEGV_MAPERR), si_addr: 0x000000000000000d

Registers:
RAX=0x0000000000000000, RBX=0x000078db68ffdb18, RCX=0x0000000000000000, RDX=0x0000000000000006
RSP=0x000078db68ffd9c0, RBP=0x000078db68ffda50, RSI=0x0000000000000001, RDI=0x000078db387ff108
R8 =0x0000000004000000, R9 =0x0000000000000007, R10=0x000078daf3fff2a8, R11=0x00000000000002b0
R12=0x0000000000000006, R13=0x0000000000000001, R14=0x000000000000000d, R15=0x000078db38767a34
RIP=0x000078db387b3900, EFLAGS=0x0000000000010202, CSGSFS=0x002b000000000033, ERR=0x0000000000000004
  TRAPNO=0x000000000000000e

XMM[0]=0x000078daf3fff028 0x0000000000000008
XMM[1]=0x0000000000000000 0x0000000000000002
XMM[2]=0x0000000000000000 0x000078db6401a220
XMM[3]=0x000078db6401a220 0x000000004a810fe0
XMM[4]=0x0000000000000000 0x000078db6401a220
XMM[5]=0x000078db642a2590 0x000078db642a2330
XMM[6]=0x0000000000000000 0x0000000000000000
XMM[7]=0x0000000000000000 0x000078db6401a220
XMM[8]=0x656372756f530a00 0x01746b2e7372656b
XMM[9]=0xf2b8b3c4f2b8b3c4 0xf2b8b3c461ccb43e
XMM[10]=0x0000000000000000 0x000000006f14007a
XMM[11]=0x0da32cb40da32cb4 0x0da32cb46f6fe0f2
XMM[12]=0x0000000000000000 0x0000000061ccb43e
XMM[13]=0x0000000000000000 0xb8ecf9ed31e37f59
XMM[14]=0x0000000000000000 0x8950aaeb3e5d8ffd
XMM[15]=0x0000000000000000 0x0000000000000000
  MXCSR=0x00001fa2


Register to memory mapping:

RAX=0x0 is null
RBX=0x000078db68ffdb18 is pointing into the stack for thread: 0x000078db6401a220
RCX=0x0 is null
RDX=0x0000000000000006 is an unknown value
RSP=0x000078db68ffd9c0 is pointing into the stack for thread: 0x000078db6401a220
RBP=0x000078db68ffda50 is pointing into the stack for thread: 0x000078db6401a220
RSI=0x0000000000000001 is an unknown value
RDI=0x000078db387ff108: <offset 0x00000000000af108> in /tmp/xross_test_60649759310891896/libxross_example.so at 0x000078db38750000
R8 =0x0000000004000000 is an unknown value
R9 =0x0000000000000007 is an unknown value
R10=0x000078daf3fff2a8 points into unknown readable memory: 0x0000000000000000 | 00 00 00 00 00 00 00 00
R11=0x00000000000002b0 is an unknown value
R12=0x0000000000000006 is an unknown value
R13=0x0000000000000001 is an unknown value
R14=0x000000000000000d is an unknown value
R15=0x000078db38767a34: <offset 0x0000000000017a34> in /tmp/xross_test_60649759310891896/libxross_example.so at 0x000078db38750000

Top of Stack: (sp=0x000078db68ffd9c0)
0x000078db68ffd9c0:   0000000000000001 000078db68ffdb00   ...........h.x..
0x000078db68ffd9d0:   000078db68ffdb18 0000000000000006   ...h.x..........
0x000078db68ffd9e0:   0000000000000001 000078db68ffda60   ........`..h.x..
0x000078db68ffd9f0:   000078db38767a34 000078db387f1423   4zv8.x..#..8.x..
0x000078db68ffda00:   000078db204df80c 0000000000000008   ..M .x..........
0x000078db68ffda10:   000078daf3fff028 0000000000000002   (....x..........
0x000078db68ffda20:   0000000000000005 000078daf3fff040   ........@....x..
0x000078db68ffda30:   000078daf3fff2a8 000078db387f6a50   .....x..Pj.8.x..
0x000078db68ffda40:   000078daf3fff040 000078daf3fff200   @....x.......x..
0x000078db68ffda50:   000078db68ffda80 000078db3878c839   ...h.x..9.x8.x..
0x000078db68ffda60:   000078db68ffda80 000078db387f6a50   ...h.x..Pj.8.x..
0x000078db68ffda70:   000078db68ffdae8 000078db387f6a50   ...h.x..Pj.8.x..
0x000078db68ffda80:   0000000000000004 0000000000000000   ................
0x000078db68ffda90:   000000004a4ad818 4858f915e6a59400   ..JJ..........XH
0x000078db68ffdaa0:   000078db6401a220 0000000000000001    ..d.x..........
0x000078db68ffdab0:   000078daf3fff290 0000000000000001   .....x..........
0x000078db68ffdac0:   00000000000001a0 000000004a1ee5f8   ...........J....
0x000078db68ffdad0:   000078db68ffdc30 000078db69f6a07d   0..h.x..}..i.x..
0x000078db68ffdae0:   000078db68ffdb60 0000000000000004   `..h.x..........
0x000078db68ffdaf0:   000078db68ffdc70 000078db68ffdc58   p..h.x..X..h.x..
0x000078db68ffdb00:   0000000000000008 000078daf3fff028   ........(....x..
0x000078db68ffdb10:   0000000000000002 000078db6401c350   ........P..d.x..
0x000078db68ffdb20:   000000004a4ad818 000078db641ab548   ..JJ....H..d.x..
0x000078db68ffdb30:   000078db6401bf78 000078db6401bf60   x..d.x..`..d.x..
0x000078db68ffdb40:   0000000000000120 000078db201f7ea0    ........~. .x..
0x000078db68ffdb50:   0000000000000000 000078db68ffdba0   ...........h.x..
0x000078db68ffdb60:   000078db68ffdc28 000078db6401a220   (..h.x.. ..d.x..
0x000078db68ffdb70:   000078db68ffdb90 000078db53c7d81b   ...h.x.....S.x..
0x000078db68ffdb80:   000000004a1ee5f8 000078db68ffdc60   ...J....`..h.x..
0x000078db68ffdb90:   000078db68ffdc00 000078db53b3f52e   ...h.x.....S.x..
0x000078db68ffdba0:   000000074ba8f838 000078db3878c6f0   8..K......x8.x..
0x000078db68ffdbb0:   0000000000000000 fffffffffffffff7   ................

Instructions: (pc=0x000078db387b3900)
  0x000078db387b3800:   da 5b ff 25 80 8f 04 00 5b c3 cc cc cc cc cc cc
  0x000078db387b3810:   41 57 41 56 41 55 41 54 53 48 83 ec 10 48 81 fa
  0x000078db387b3820:   00 00 10 00 76 20 48 83 fe 11 0f 83 9f 00 00 00
  0x000078db387b3830:   48 89 d7 48 83 c4 10 5b 41 5c 41 5d 41 5e 41 5f
  0x000078db387b3840:   ff 25 f2 96 04 00 48 83 fa 08 0f 86 a1 00 00 00
  0x000078db387b3850:   b9 01 00 00 00 48 83 fa 11 0f 82 94 00 00 00 b9
  0x000078db387b3860:   02 00 00 00 48 83 fa 21 0f 82 85 00 00 00 b9 03
  0x000078db387b3870:   00 00 00 48 83 fa 41 72 7a b9 04 00 00 00 48 81
  0x000078db387b3880:   fa 81 00 00 00 72 6c b9 05 00 00 00 48 81 fa 01
  0x000078db387b3890:   01 00 00 72 5e b9 06 00 00 00 48 81 fa 01 02 00
  0x000078db387b38a0:   00 72 50 b9 07 00 00 00 48 81 fa 01 04 00 00 72
  0x000078db387b38b0:   42 b9 08 00 00 00 48 81 fa 01 08 00 00 72 34 b9
  0x000078db387b38c0:   09 00 00 00 48 81 fa 00 10 00 00 76 26 eb 59 48
  0x000078db387b38d0:   c7 04 24 00 00 00 00 48 89 e7 ff 15 60 96 04 00
  0x000078db387b38e0:   85 c0 0f 85 e9 01 00 00 4c 8b 34 24 e9 e3 01 00
  0x000078db387b38f0:   00 31 c9 4c 8b 34 cf 4d 85 f6 0f 84 c0 00 00 00
=>0x000078db387b3900:   4d 8b 06 4c 89 f0 f0 4c 0f b1 04 cf 0f 84 c2 01
  0x000078db387b3910:   00 00 4c 8b 34 cf 4d 85 f6 75 e5 48 81 fa 00 10
  0x000078db387b3920:   00 00 0f 86 98 00 00 00 48 8d 5f 50 b9 01 00 00
  0x000078db387b3930:   00 31 c0 f0 0f b1 4f 50 0f 85 f8 00 00 00 4c 8b
  0x000078db387b3940:   3d f3 90 04 00 49 8b 07 48 d1 e0 48 85 c0 0f 85
  0x000078db387b3950:   02 01 00 00 31 c0 0f b6 4f 54 84 c9 0f 85 1a 01
  0x000078db387b3960:   00 00 48 b9 ff ff ff ff ff ff ff 7f 45 31 c9 49
  0x000078db387b3970:   89 de 66 66 66 66 66 2e 0f 1f 84 00 00 00 00 00
  0x000078db387b3980:   4d 8b 76 08 4d 85 f6 74 1a 4d 89 c8 4d 89 f1 49
  0x000078db387b3990:   39 16 72 ec 49 8b 56 08 4d 85 c0 74 6a 49 89 50
  0x000078db387b39a0:   08 eb 68 84 c0 75 0c 49 8b 07 48 85 c8 0f 85 32
  0x000078db387b39b0:   01 00 00 31 c0 87 03 83 f8 02 0f 84 e9 00 00 00
  0x000078db387b39c0:   48 8b 4f 60 48 85 c9 0f 84 04 01 00 00 48 8b 47
  0x000078db387b39d0:   70 4c 8b 47 68 4c 8d 4e ff 48 f7 de 45 31 f6 90
  0x000078db387b39e0:   4d 8d 14 01 49 21 f2 4d 8d 1c 12 4d 39 c3 0f 87
  0x000078db387b39f0:   e0 00 00 00 f0 4c 0f b1 5f 70 75 e4 49 01 ca 4d


Stack slot to memory mapping:

stack at sp + 0 slots: 0x0000000000000001 is an unknown value
stack at sp + 1 slots: 0x000078db68ffdb00 is pointing into the stack for thread: 0x000078db6401a220
stack at sp + 2 slots: 0x000078db68ffdb18 is pointing into the stack for thread: 0x000078db6401a220
stack at sp + 3 slots: 0x0000000000000006 is an unknown value
stack at sp + 4 slots: 0x0000000000000001 is an unknown value
stack at sp + 5 slots: 0x000078db68ffda60 is pointing into the stack for thread: 0x000078db6401a220
stack at sp + 6 slots: 0x000078db38767a34: <offset 0x0000000000017a34> in /tmp/xross_test_60649759310891896/libxross_example.so at 0x000078db38750000
stack at sp + 7 slots: 0x000078db387f1423: <offset 0x00000000000a1423> in /tmp/xross_test_60649759310891896/libxross_example.so at 0x000078db38750000

Lock stack of current Java thread (top to bottom):

--------------------------------------------------------------------------------
Decoding CodeBlob, name: nep_invoker_blob, at  [0x000078db53c7d7e0, 0x000078db53c7d8d0]  240 bytes
[MachCode]
  0x000078db53c7d7e0: 5548 8bec | 4883 ec10 | c5f8 7749 | 89af 9004 | 0000 49ba | e8d7 c753 | db78 0000 | 4d89 9788 
  0x000078db53c7d800: 0400 0049 | 89a7 8004 | 0000 41c7 | 872c 0500 | 0004 0000 | 004c 8bd6 | 41ff d2c5 | f877 41c7 
  0x000078db53c7d820: 872c 0500 | 0005 0000 | 00f0 8344 | 24c0 0049 | 3b6f 280f | 874d 0000 | 0041 83bf | 2805 0000 
  0x000078db53c7d840: 000f 853f | 0000 0041 | c787 2c05 | 0000 0800 | 0000 4183 | bfa8 0500 | 0002 0f84 | 4c00 0000 
  0x000078db53c7d860: 49c7 8780 | 0400 0000 | 0000 0049 | c787 9004 | 0000 0000 | 0000 49c7 | 8788 0400 | 0000 0000 
  0x000078db53c7d880: 00c5 f877 | c9c3 4889 | 0424 498b | ffc5 f877 | 4c8b e448 | 83ec 0048 | 83e4 f0e8 | 5010 0b16 
  0x000078db53c7d8a0: 498b e44d | 33e4 488b | 0424 eb9b | 4889 0424 | c5f8 774c | 8be4 4883 | ec00 4883 | e4f0 e84d 
  0x000078db53c7d8c0: bc4f 1649 | 8be4 4d33 | e448 8b04 | 24eb 91f4 
[/MachCode]
--------------------------------------------------------------------------------


---------------  P R O C E S S  ---------------

Threads class SMR info:
_java_thread_list=0x000078db641a81f0, length=11, elements={
0x000078db6401a220, 0x000078db64113980, 0x000078db64114b70, 0x000078db64116480,
0x000078db64117db0, 0x000078db64119640, 0x000078db6411b450, 0x000078db6411ce00,
0x000078db64129ff0, 0x000078db6412c9c0, 0x000078db641aa090
}

Java Threads: ( => current thread )
=>0x000078db6401a220 JavaThread "main"                              [_thread_in_native, id=480444, stack(0x000078db68f00000,0x000078db69000000) (1024K)]
  0x000078db64113980 JavaThread "Reference Handler"          daemon [_thread_blocked, id=480455, stack(0x000078db396f7000,0x000078db397f8000) (1028K)]
  0x000078db64114b70 JavaThread "Finalizer"                  daemon [_thread_blocked, id=480456, stack(0x000078db38f00000,0x000078db39000000) (1024K)]
  0x000078db64116480 JavaThread "Signal Dispatcher"          daemon [_thread_blocked, id=480457, stack(0x000078db38e00000,0x000078db38f00000) (1024K)]
  0x000078db64117db0 JavaThread "Service Thread"             daemon [_thread_blocked, id=480458, stack(0x000078db38d00000,0x000078db38e00000) (1024K)]
  0x000078db64119640 JavaThread "Monitor Deflation Thread"   daemon [_thread_blocked, id=480459, stack(0x000078db38c00000,0x000078db38d00000) (1024K)]
  0x000078db6411b450 JavaThread "C2 CompilerThread0"         daemon [_thread_blocked, id=480460, stack(0x000078db38b00000,0x000078db38c00000) (1024K)]
  0x000078db6411ce00 JavaThread "C1 CompilerThread0"         daemon [_thread_blocked, id=480461, stack(0x000078db38a00000,0x000078db38b00000) (1024K)]
  0x000078db64129ff0 JavaThread "Notification Thread"        daemon [_thread_blocked, id=480462, stack(0x000078db38900000,0x000078db38a00000) (1024K)]
  0x000078db6412c9c0 JavaThread "Common-Cleaner"             daemon [_thread_blocked, id=480463, stack(0x000078db38800000,0x000078db38900000) (1024K)]
  0x000078db641aa090 JavaThread "Cleaner-0"                  daemon [_thread_blocked, id=480464, stack(0x000078db38650000,0x000078db38750000) (1024K)]
Total: 11

Other Threads:
  0x000078db64109e00 VMThread "VM Thread"                           [id=480454, stack(0x000078db397f9000,0x000078db398f9000) (1024K)]
  0x000078db640f97f0 WatcherThread "VM Periodic Task Thread"        [id=480453, stack(0x000078db398fa000,0x000078db399fa000) (1024K)]
  0x000078db64072a00 WorkerThread "GC Thread#0"                     [id=480445, stack(0x000078db6801e000,0x000078db6811e000) (1024K)]
  0x000078db2400c000 WorkerThread "GC Thread#1"                     [id=480483, stack(0x000078db38550000,0x000078db38650000) (1024K)]
  0x000078db2400cc70 WorkerThread "GC Thread#2"                     [id=480484, stack(0x000078db3844f000,0x000078db3854f000) (1024K)]
  0x000078db2400d9d0 WorkerThread "GC Thread#3"                     [id=480485, stack(0x000078db3834e000,0x000078db3844e000) (1024K)]
  0x000078db64085c70 ConcurrentGCThread "G1 Main Marker"            [id=480446, stack(0x000078db489e6000,0x000078db48ae6000) (1024K)]
  0x000078db64086e50 WorkerThread "G1 Conc#0"                       [id=480447, stack(0x000078db488e5000,0x000078db489e5000) (1024K)]
  0x000078db640e2550 ConcurrentGCThread "G1 Refine#0"               [id=480448, stack(0x000078db39afc000,0x000078db39bfc000) (1024K)]
  0x000078db640e3750 ConcurrentGCThread "G1 Service"                [id=480449, stack(0x000078db399fb000,0x000078db39afb000) (1024K)]
Total: 10

Threads with active compile tasks:
Total: 0

VM state: not at safepoint (normal execution)

VM Mutex/Monitor currently owned by a thread: None

Heap address: 0x0000000742e00000, size: 3026 MB, Compressed Oops mode: Zero based, Oop shift amount: 3

CDS archive(s) mapped at: [0x000000004a000000-0x000000004ad8d000-0x000000004ad8d000), size 14209024, SharedBaseAddress: 0x000000004a000000, ArchiveRelocationMode: 1.
Compressed class space mapped at: 0x000000004b000000-0x000000008b000000, reserved size: 1073741824
UseCompressedClassPointers 1, UseCompactObjectHeaders 0
Narrow klass pointer bits 32, Max shift 3
Narrow klass base: 0x000000004a000000, Narrow klass shift: 0
Encoding Range: [0x000000004a000000 - 0x000000014a000000), (4294967296 bytes)
Klass Range:    [0x000000004a001000 - 0x000000008b000000), (1090514944 bytes)
Klass ID Range:  [4096 - 1090519033) (1090514937)
Protection zone: [0x000000004a000000 - 0x000000004a001000), (4096 bytes)

GC Precious Log:
 CardTable entry size: 512
 Card Set container configuration: InlinePtr #cards 4 size 8 Array Of Cards #cards 16 size 48 Howl #buckets 8 coarsen threshold 3686 Howl Bitmap #cards 512 size 80 coarsen threshold 460 Card regions per heap region 1 cards per card region 4096
 CPUs: 15 total, 15 available
 Memory: 12100M
 Large Page Support: Disabled
 NUMA Support: Disabled
 Compressed Oops: Enabled (Zero based)
 Heap Region Size: 2M
 Heap Min Capacity: 8M
 Heap Initial Capacity: 190M
 Heap Max Capacity: 3026M
 Pre-touch: Disabled
 Parallel Workers: 12
 Concurrent Workers: 3
 Concurrent Refinement Workers: 12
 Periodic GC: Disabled

Heap:
 garbage-first heap   total reserved 3098624K, committed 196608K, used 33235K [0x0000000742e00000, 0x0000000800000000)
  region size 2048K, 17 young (34816K), 1 survivors (2048K)

Heap Regions: E=young(eden), S=young(survivor), O=old, HS=humongous(starts), HC=humongous(continues), CS=collection set, F=free, TAMS=top-at-mark-start, PB=parsable bottom
|   0|0x0000000742e00000, 0x0000000742e00000, 0x0000000743000000|  0%| F|  |TAMS 0x0000000742e00000| PB 0x0000000742e00000| Untracked |  0
|   1|0x0000000743000000, 0x0000000743000000, 0x0000000743200000|  0%| F|  |TAMS 0x0000000743000000| PB 0x0000000743000000| Untracked |  0
|   2|0x0000000743200000, 0x0000000743200000, 0x0000000743400000|  0%| F|  |TAMS 0x0000000743200000| PB 0x0000000743200000| Untracked |  0
|   3|0x0000000743400000, 0x0000000743400000, 0x0000000743600000|  0%| F|  |TAMS 0x0000000743400000| PB 0x0000000743400000| Untracked |  0
|   4|0x0000000743600000, 0x0000000743600000, 0x0000000743800000|  0%| F|  |TAMS 0x0000000743600000| PB 0x0000000743600000| Untracked |  0
|   5|0x0000000743800000, 0x0000000743800000, 0x0000000743a00000|  0%| F|  |TAMS 0x0000000743800000| PB 0x0000000743800000| Untracked |  0
|   6|0x0000000743a00000, 0x0000000743a00000, 0x0000000743c00000|  0%| F|  |TAMS 0x0000000743a00000| PB 0x0000000743a00000| Untracked |  0
|   7|0x0000000743c00000, 0x0000000743c00000, 0x0000000743e00000|  0%| F|  |TAMS 0x0000000743c00000| PB 0x0000000743c00000| Untracked |  0
|   8|0x0000000743e00000, 0x0000000743e00000, 0x0000000744000000|  0%| F|  |TAMS 0x0000000743e00000| PB 0x0000000743e00000| Untracked |  0
|   9|0x0000000744000000, 0x0000000744000000, 0x0000000744200000|  0%| F|  |TAMS 0x0000000744000000| PB 0x0000000744000000| Untracked |  0
|  10|0x0000000744200000, 0x0000000744200000, 0x0000000744400000|  0%| F|  |TAMS 0x0000000744200000| PB 0x0000000744200000| Untracked |  0
|  11|0x0000000744400000, 0x0000000744400000, 0x0000000744600000|  0%| F|  |TAMS 0x0000000744400000| PB 0x0000000744400000| Untracked |  0
|  12|0x0000000744600000, 0x0000000744600000, 0x0000000744800000|  0%| F|  |TAMS 0x0000000744600000| PB 0x0000000744600000| Untracked |  0
|  13|0x0000000744800000, 0x0000000744800000, 0x0000000744a00000|  0%| F|  |TAMS 0x0000000744800000| PB 0x0000000744800000| Untracked |  0
|  14|0x0000000744a00000, 0x0000000744a00000, 0x0000000744c00000|  0%| F|  |TAMS 0x0000000744a00000| PB 0x0000000744a00000| Untracked |  0
|  15|0x0000000744c00000, 0x0000000744c00000, 0x0000000744e00000|  0%| F|  |TAMS 0x0000000744c00000| PB 0x0000000744c00000| Untracked |  0
|  16|0x0000000744e00000, 0x0000000744e00000, 0x0000000745000000|  0%| F|  |TAMS 0x0000000744e00000| PB 0x0000000744e00000| Untracked |  0
|  17|0x0000000745000000, 0x0000000745000000, 0x0000000745200000|  0%| F|  |TAMS 0x0000000745000000| PB 0x0000000745000000| Untracked |  0
|  18|0x0000000745200000, 0x0000000745200000, 0x0000000745400000|  0%| F|  |TAMS 0x0000000745200000| PB 0x0000000745200000| Untracked |  0
|  19|0x0000000745400000, 0x0000000745400000, 0x0000000745600000|  0%| F|  |TAMS 0x0000000745400000| PB 0x0000000745400000| Untracked |  0
|  20|0x0000000745600000, 0x0000000745600000, 0x0000000745800000|  0%| F|  |TAMS 0x0000000745600000| PB 0x0000000745600000| Untracked |  0
|  21|0x0000000745800000, 0x0000000745800000, 0x0000000745a00000|  0%| F|  |TAMS 0x0000000745800000| PB 0x0000000745800000| Untracked |  0
|  22|0x0000000745a00000, 0x0000000745a00000, 0x0000000745c00000|  0%| F|  |TAMS 0x0000000745a00000| PB 0x0000000745a00000| Untracked |  0
|  23|0x0000000745c00000, 0x0000000745c00000, 0x0000000745e00000|  0%| F|  |TAMS 0x0000000745c00000| PB 0x0000000745c00000| Untracked |  0
|  24|0x0000000745e00000, 0x0000000745e00000, 0x0000000746000000|  0%| F|  |TAMS 0x0000000745e00000| PB 0x0000000745e00000| Untracked |  0
|  25|0x0000000746000000, 0x0000000746000000, 0x0000000746200000|  0%| F|  |TAMS 0x0000000746000000| PB 0x0000000746000000| Untracked |  0
|  26|0x0000000746200000, 0x0000000746200000, 0x0000000746400000|  0%| F|  |TAMS 0x0000000746200000| PB 0x0000000746200000| Untracked |  0
|  27|0x0000000746400000, 0x0000000746400000, 0x0000000746600000|  0%| F|  |TAMS 0x0000000746400000| PB 0x0000000746400000| Untracked |  0
|  28|0x0000000746600000, 0x0000000746600000, 0x0000000746800000|  0%| F|  |TAMS 0x0000000746600000| PB 0x0000000746600000| Untracked |  0
|  29|0x0000000746800000, 0x0000000746800000, 0x0000000746a00000|  0%| F|  |TAMS 0x0000000746800000| PB 0x0000000746800000| Untracked |  0
|  30|0x0000000746a00000, 0x0000000746a00000, 0x0000000746c00000|  0%| F|  |TAMS 0x0000000746a00000| PB 0x0000000746a00000| Untracked |  0
|  31|0x0000000746c00000, 0x0000000746c00000, 0x0000000746e00000|  0%| F|  |TAMS 0x0000000746c00000| PB 0x0000000746c00000| Untracked |  0
|  32|0x0000000746e00000, 0x0000000746e00000, 0x0000000747000000|  0%| F|  |TAMS 0x0000000746e00000| PB 0x0000000746e00000| Untracked |  0
|  33|0x0000000747000000, 0x0000000747000000, 0x0000000747200000|  0%| F|  |TAMS 0x0000000747000000| PB 0x0000000747000000| Untracked |  0
|  34|0x0000000747200000, 0x0000000747200000, 0x0000000747400000|  0%| F|  |TAMS 0x0000000747200000| PB 0x0000000747200000| Untracked |  0
|  35|0x0000000747400000, 0x0000000747400000, 0x0000000747600000|  0%| F|  |TAMS 0x0000000747400000| PB 0x0000000747400000| Untracked |  0
|  36|0x0000000747600000, 0x0000000747600000, 0x0000000747800000|  0%| F|  |TAMS 0x0000000747600000| PB 0x0000000747600000| Untracked |  0
|  37|0x0000000747800000, 0x0000000747800000, 0x0000000747a00000|  0%| F|  |TAMS 0x0000000747800000| PB 0x0000000747800000| Untracked |  0
|  38|0x0000000747a00000, 0x0000000747a00000, 0x0000000747c00000|  0%| F|  |TAMS 0x0000000747a00000| PB 0x0000000747a00000| Untracked |  0
|  39|0x0000000747c00000, 0x0000000747c00000, 0x0000000747e00000|  0%| F|  |TAMS 0x0000000747c00000| PB 0x0000000747c00000| Untracked |  0
|  40|0x0000000747e00000, 0x0000000747e00000, 0x0000000748000000|  0%| F|  |TAMS 0x0000000747e00000| PB 0x0000000747e00000| Untracked |  0
|  41|0x0000000748000000, 0x0000000748000000, 0x0000000748200000|  0%| F|  |TAMS 0x0000000748000000| PB 0x0000000748000000| Untracked |  0
|  42|0x0000000748200000, 0x0000000748200000, 0x0000000748400000|  0%| F|  |TAMS 0x0000000748200000| PB 0x0000000748200000| Untracked |  0
|  43|0x0000000748400000, 0x0000000748400000, 0x0000000748600000|  0%| F|  |TAMS 0x0000000748400000| PB 0x0000000748400000| Untracked |  0
|  44|0x0000000748600000, 0x0000000748600000, 0x0000000748800000|  0%| F|  |TAMS 0x0000000748600000| PB 0x0000000748600000| Untracked |  0
|  45|0x0000000748800000, 0x0000000748800000, 0x0000000748a00000|  0%| F|  |TAMS 0x0000000748800000| PB 0x0000000748800000| Untracked |  0
|  46|0x0000000748a00000, 0x0000000748a00000, 0x0000000748c00000|  0%| F|  |TAMS 0x0000000748a00000| PB 0x0000000748a00000| Untracked |  0
|  47|0x0000000748c00000, 0x0000000748c00000, 0x0000000748e00000|  0%| F|  |TAMS 0x0000000748c00000| PB 0x0000000748c00000| Untracked |  0
|  48|0x0000000748e00000, 0x0000000748e00000, 0x0000000749000000|  0%| F|  |TAMS 0x0000000748e00000| PB 0x0000000748e00000| Untracked |  0
|  49|0x0000000749000000, 0x0000000749000000, 0x0000000749200000|  0%| F|  |TAMS 0x0000000749000000| PB 0x0000000749000000| Untracked |  0
|  50|0x0000000749200000, 0x0000000749200000, 0x0000000749400000|  0%| F|  |TAMS 0x0000000749200000| PB 0x0000000749200000| Untracked |  0
|  51|0x0000000749400000, 0x0000000749400000, 0x0000000749600000|  0%| F|  |TAMS 0x0000000749400000| PB 0x0000000749400000| Untracked |  0
|  52|0x0000000749600000, 0x0000000749600000, 0x0000000749800000|  0%| F|  |TAMS 0x0000000749600000| PB 0x0000000749600000| Untracked |  0
|  53|0x0000000749800000, 0x0000000749800000, 0x0000000749a00000|  0%| F|  |TAMS 0x0000000749800000| PB 0x0000000749800000| Untracked |  0
|  54|0x0000000749a00000, 0x0000000749a00000, 0x0000000749c00000|  0%| F|  |TAMS 0x0000000749a00000| PB 0x0000000749a00000| Untracked |  0
|  55|0x0000000749c00000, 0x0000000749c00000, 0x0000000749e00000|  0%| F|  |TAMS 0x0000000749c00000| PB 0x0000000749c00000| Untracked |  0
|  56|0x0000000749e00000, 0x0000000749e00000, 0x000000074a000000|  0%| F|  |TAMS 0x0000000749e00000| PB 0x0000000749e00000| Untracked |  0
|  57|0x000000074a000000, 0x000000074a000000, 0x000000074a200000|  0%| F|  |TAMS 0x000000074a000000| PB 0x000000074a000000| Untracked |  0
|  58|0x000000074a200000, 0x000000074a200000, 0x000000074a400000|  0%| F|  |TAMS 0x000000074a200000| PB 0x000000074a200000| Untracked |  0
|  59|0x000000074a400000, 0x000000074a400000, 0x000000074a600000|  0%| F|  |TAMS 0x000000074a400000| PB 0x000000074a400000| Untracked |  0
|  60|0x000000074a600000, 0x000000074a600000, 0x000000074a800000|  0%| F|  |TAMS 0x000000074a600000| PB 0x000000074a600000| Untracked |  0
|  61|0x000000074a800000, 0x000000074a800000, 0x000000074aa00000|  0%| F|  |TAMS 0x000000074a800000| PB 0x000000074a800000| Untracked |  0
|  62|0x000000074aa00000, 0x000000074aa00000, 0x000000074ac00000|  0%| F|  |TAMS 0x000000074aa00000| PB 0x000000074aa00000| Untracked |  0
|  63|0x000000074ac00000, 0x000000074ac00000, 0x000000074ae00000|  0%| F|  |TAMS 0x000000074ac00000| PB 0x000000074ac00000| Untracked |  0
|  64|0x000000074ae00000, 0x000000074ae00000, 0x000000074b000000|  0%| F|  |TAMS 0x000000074ae00000| PB 0x000000074ae00000| Untracked |  0
|  65|0x000000074b000000, 0x000000074b000000, 0x000000074b200000|  0%| F|  |TAMS 0x000000074b000000| PB 0x000000074b000000| Untracked |  0
|  66|0x000000074b200000, 0x000000074b200000, 0x000000074b400000|  0%| F|  |TAMS 0x000000074b200000| PB 0x000000074b200000| Untracked |  0
|  67|0x000000074b400000, 0x000000074b400000, 0x000000074b600000|  0%| F|  |TAMS 0x000000074b400000| PB 0x000000074b400000| Untracked |  0
|  68|0x000000074b600000, 0x000000074b600000, 0x000000074b800000|  0%| F|  |TAMS 0x000000074b600000| PB 0x000000074b600000| Untracked |  0
|  69|0x000000074b800000, 0x000000074b800000, 0x000000074ba00000|  0%| F|  |TAMS 0x000000074b800000| PB 0x000000074b800000| Untracked |  0
|  70|0x000000074ba00000, 0x000000074bb53ff8, 0x000000074bc00000| 66%| S|CS|TAMS 0x000000074ba00000| PB 0x000000074ba00000| Complete |  0
|  71|0x000000074bc00000, 0x000000074bc00000, 0x000000074be00000|  0%| F|  |TAMS 0x000000074bc00000| PB 0x000000074bc00000| Untracked |  0
|  72|0x000000074be00000, 0x000000074be00000, 0x000000074c000000|  0%| F|  |TAMS 0x000000074be00000| PB 0x000000074be00000| Untracked |  0
|  73|0x000000074c000000, 0x000000074c000000, 0x000000074c200000|  0%| F|  |TAMS 0x000000074c000000| PB 0x000000074c000000| Untracked |  0
|  74|0x000000074c200000, 0x000000074c200000, 0x000000074c400000|  0%| F|  |TAMS 0x000000074c200000| PB 0x000000074c200000| Untracked |  0
|  75|0x000000074c400000, 0x000000074c400000, 0x000000074c600000|  0%| F|  |TAMS 0x000000074c400000| PB 0x000000074c400000| Untracked |  0
|  76|0x000000074c600000, 0x000000074c600000, 0x000000074c800000|  0%| F|  |TAMS 0x000000074c600000| PB 0x000000074c600000| Untracked |  0
|  77|0x000000074c800000, 0x000000074c800000, 0x000000074ca00000|  0%| F|  |TAMS 0x000000074c800000| PB 0x000000074c800000| Untracked |  0
|  78|0x000000074ca00000, 0x000000074ca00000, 0x000000074cc00000|  0%| F|  |TAMS 0x000000074ca00000| PB 0x000000074ca00000| Untracked |  0
|  79|0x000000074cc00000, 0x000000074cdf6160, 0x000000074ce00000| 98%| E|  |TAMS 0x000000074cc00000| PB 0x000000074cc00000| Complete |  0
|  80|0x000000074ce00000, 0x000000074d000000, 0x000000074d000000|100%| E|CS|TAMS 0x000000074ce00000| PB 0x000000074ce00000| Complete |  0
|  81|0x000000074d000000, 0x000000074d200000, 0x000000074d200000|100%| E|CS|TAMS 0x000000074d000000| PB 0x000000074d000000| Complete |  0
|  82|0x000000074d200000, 0x000000074d400000, 0x000000074d400000|100%| E|CS|TAMS 0x000000074d200000| PB 0x000000074d200000| Complete |  0
|  83|0x000000074d400000, 0x000000074d600000, 0x000000074d600000|100%| E|CS|TAMS 0x000000074d400000| PB 0x000000074d400000| Complete |  0
|  84|0x000000074d600000, 0x000000074d800000, 0x000000074d800000|100%| E|CS|TAMS 0x000000074d600000| PB 0x000000074d600000| Complete |  0
|  85|0x000000074d800000, 0x000000074da00000, 0x000000074da00000|100%| E|CS|TAMS 0x000000074d800000| PB 0x000000074d800000| Complete |  0
|  86|0x000000074da00000, 0x000000074dc00000, 0x000000074dc00000|100%| E|CS|TAMS 0x000000074da00000| PB 0x000000074da00000| Complete |  0
|  87|0x000000074dc00000, 0x000000074de00000, 0x000000074de00000|100%| E|CS|TAMS 0x000000074dc00000| PB 0x000000074dc00000| Complete |  0
|  88|0x000000074de00000, 0x000000074e000000, 0x000000074e000000|100%| E|CS|TAMS 0x000000074de00000| PB 0x000000074de00000| Complete |  0
|  89|0x000000074e000000, 0x000000074e200000, 0x000000074e200000|100%| E|CS|TAMS 0x000000074e000000| PB 0x000000074e000000| Complete |  0
|  90|0x000000074e200000, 0x000000074e400000, 0x000000074e400000|100%| E|CS|TAMS 0x000000074e200000| PB 0x000000074e200000| Complete |  0
|  91|0x000000074e400000, 0x000000074e600000, 0x000000074e600000|100%| E|CS|TAMS 0x000000074e400000| PB 0x000000074e400000| Complete |  0
|  92|0x000000074e600000, 0x000000074e800000, 0x000000074e800000|100%| E|CS|TAMS 0x000000074e600000| PB 0x000000074e600000| Complete |  0
|  93|0x000000074e800000, 0x000000074ea00000, 0x000000074ea00000|100%| E|CS|TAMS 0x000000074e800000| PB 0x000000074e800000| Complete |  0
|  94|0x000000074ea00000, 0x000000074ec00000, 0x000000074ec00000|100%| E|CS|TAMS 0x000000074ea00000| PB 0x000000074ea00000| Complete |  0
|1512|0x00000007ffe00000, 0x00000007fff20f10, 0x0000000800000000| 56%| O|  |TAMS 0x00000007ffe00000| PB 0x00000007ffe00000| Untracked |  0

Card table byte_map: [0x000078db4ba2e000,0x000078db4c017000] _byte_map_base: 0x000078db48017000

Marking Bits: (CMBitMap*) 0x000078db64073560
 Bits: [0x000078db48ae6000, 0x000078db4ba2e000)

Polling page: 0x000078db6aca1000

Metaspace:
Metaspace        used 3885K, committed 4224K, reserved 1114112K
 class space     used 409K, committed 576K, reserved 1048576K

Usage:
  Non-class:      3.39 MB used.
      Class:    409.26 KB used.
       Both:      3.79 MB used.

Virtual space:
  Non-class space:       64.00 MB reserved,       3.56 MB (  6%) committed,  1 nodes.
      Class space:        1.00 GB reserved,     576.00 KB ( <1%) committed,  1 nodes.
             Both:        1.06 GB reserved,       4.12 MB ( <1%) committed. 

Chunk freelists:
   Non-Class:  10.95 MB
       Class:  15.47 MB
        Both:  26.43 MB

MaxMetaspaceSize: unlimited
CompressedClassSpaceSize: 1.00 GB
Initial GC threshold: 21.00 MB
Current GC threshold: 21.00 MB
CDS: on
 - commit_granule_bytes: 65536.
 - commit_granule_words: 8192.
 - virtual_space_node_default_size: 8388608.
 - enlarge_chunks_in_place: 1.
UseCompressedClassPointers 1, UseCompactObjectHeaders 0
Narrow klass pointer bits 32, Max shift 3
Narrow klass base: 0x000000004a000000, Narrow klass shift: 0
Encoding Range: [0x000000004a000000 - 0x000000014a000000), (4294967296 bytes)
Klass Range:    [0x000000004a001000 - 0x000000008b000000), (1090514944 bytes)
Klass ID Range:  [4096 - 1090519033) (1090514937)
Protection zone: [0x000000004a000000 - 0x000000004a001000), (4096 bytes)


Internal statistics:

num_allocs_failed_limit: 0.
num_arena_births: 410.
num_arena_deaths: 0.
num_vsnodes_births: 2.
num_vsnodes_deaths: 0.
num_space_committed: 66.
num_space_uncommitted: 0.
num_chunks_returned_to_freelist: 0.
num_chunks_taken_from_freelist: 543.
num_chunk_merges: 0.
num_chunk_splits: 331.
num_chunks_enlarged: 132.
num_inconsistent_stats: 0.

CodeHeap 'non-profiled nmethods': size=120032Kb used=386Kb max_used=386Kb free=119645Kb
 bounds [0x000078db540c8000, 0x000078db54338000, 0x000078db5b600000]
CodeHeap 'profiled nmethods': size=120028Kb used=1614Kb max_used=1614Kb free=118413Kb
 bounds [0x000078db4c600000, 0x000078db4c870000, 0x000078db53b37000]
CodeHeap 'non-nmethods': size=5700Kb used=1447Kb max_used=1463Kb free=4252Kb
 bounds [0x000078db53b37000, 0x000078db53da7000, 0x000078db540c8000]
CodeCache: size=245760Kb, used=3447Kb, max_used=3463Kb, free=242310Kb
 total_blobs=1709, nmethods=1189, adapters=409, full_count=0
Compilation: enabled, stopped_count=0, restarted_count=0

Compilation events (20 events):
Event: 4.201 Thread 0x000078db6411ce00 nmethod 1176 0x000078db4c791208 code [0x000078db4c791300, 0x000078db4c791c58]
Event: 4.202 Thread 0x000078db6411ce00 1177       3       java.util.zip.ZipFile$Source::getEntryHash (7 bytes)
Event: 4.202 Thread 0x000078db6411ce00 nmethod 1177 0x000078db4c791c88 code [0x000078db4c791d80, 0x000078db4c791eb0]
Event: 4.202 Thread 0x000078db6411ce00 1178       1       java.util.jar.Attributes$Name::hashCode (5 bytes)
Event: 4.202 Thread 0x000078db6411ce00 nmethod 1178 0x000078db54126d08 code [0x000078db54126e00, 0x000078db54126ec0]
Event: 4.202 Thread 0x000078db6411b450 nmethod 1158 0x000078db54127008 code [0x000078db54127100, 0x000078db541278b8]
Event: 4.202 Thread 0x000078db6411b450 1159       4       java.lang.String::getBytes (60 bytes)
Event: 4.202 Thread 0x000078db6411ce00 1179       3       java.util.ArrayDeque::elementAt (4 bytes)
Event: 4.202 Thread 0x000078db6411ce00 nmethod 1179 0x000078db4c791f88 code [0x000078db4c792080, 0x000078db4c792190]
Event: 4.203 Thread 0x000078db6411ce00 1182       3       java.lang.Integer::numberOfLeadingZeros (79 bytes)
Event: 4.203 Thread 0x000078db6411ce00 nmethod 1182 0x000078db4c792288 code [0x000078db4c792380, 0x000078db4c792600]
Event: 4.203 Thread 0x000078db6411b450 nmethod 1159 0x000078db54127d88 code [0x000078db54127e80, 0x000078db54128138]
Event: 4.203 Thread 0x000078db6411b450 1180       4       java.lang.StringBuilder::append (8 bytes)
Event: 4.203 Thread 0x000078db6411ce00 1183       1       java.util.Spliterators$ArraySpliterator::characteristics (5 bytes)
Event: 4.203 Thread 0x000078db6411ce00 nmethod 1183 0x000078db54128188 code [0x000078db54128280, 0x000078db54128340]
Event: 4.204 Thread 0x000078db6411ce00 1184       3       java.util.stream.AbstractPipeline::<init> (76 bytes)
Event: 4.204 Thread 0x000078db6411ce00 nmethod 1184 0x000078db4c792608 code [0x000078db4c792700, 0x000078db4c792c38]
Event: 4.204 Thread 0x000078db6411ce00 1185       3       java.util.stream.ReferencePipeline$StatelessOp::<init> (29 bytes)
Event: 4.204 Thread 0x000078db6411ce00 nmethod 1185 0x000078db4c792c88 code [0x000078db4c792d80, 0x000078db4c792f38]
Event: 4.204 Thread 0x000078db6411ce00 1186       3       java.util.stream.ReferencePipeline::<init> (7 bytes)

GC Heap Usage History (2 events):
Event: 2.577 {heap Before GC invocations=0 (full 0):
 garbage-first heap   total reserved 3098624K, committed 196608K, used 50307K [0x0000000742e00000, 0x0000000800000000)
  region size 2048K, 24 young (49152K), 0 survivors (0K)
}
Event: 2.579 {heap After GC invocations=1 (full 0):
 garbage-first heap   total reserved 3098624K, committed 196608K, used 2515K [0x0000000742e00000, 0x0000000800000000)
  region size 2048K, 1 young (2048K), 1 survivors (2048K)
}

Metaspace Usage History (2 events):
Event: 2.577 {metaspace Before GC invocations=0 (full 0):
 Metaspace       used 3156K, committed 3456K, reserved 1114112K
  class space    used 325K, committed 448K, reserved 1048576K
}
Event: 2.579 {metaspace After GC invocations=1 (full 0):
 Metaspace       used 3156K, committed 3456K, reserved 1114112K
  class space    used 325K, committed 448K, reserved 1048576K
}

Dll operation events (7 events):
Event: 0.001 Loaded shared library /home/linuxbrew/.linuxbrew/Cellar/openjdk/25.0.2/libexec/lib/libjava.so
Event: 0.011 Loaded shared library /home/linuxbrew/.linuxbrew/Cellar/openjdk/25.0.2/libexec/lib/libsimdsort.so
Event: 0.016 Loaded shared library /home/linuxbrew/.linuxbrew/Cellar/openjdk/25.0.2/libexec/lib/libnio.so
Event: 0.024 Loaded shared library /home/linuxbrew/.linuxbrew/Cellar/openjdk/25.0.2/libexec/lib/libnet.so
Event: 0.042 Loaded shared library /home/linuxbrew/.linuxbrew/Cellar/openjdk/25.0.2/libexec/lib/libzip.so
Event: 0.046 Loaded shared library /home/linuxbrew/.linuxbrew/Cellar/openjdk/25.0.2/libexec/lib/libjimage.so
Event: 0.049 Loaded shared library /tmp/xross_test_60649759310891896/libxross_example.so

Deoptimization events (20 events):
Event: 4.173 Thread 0x000078db6401a220 Uncommon trap: trap_request=0xffffffde fr.pc=0x000078db5410be04 relative=0x0000000000000384
Event: 4.173 Thread 0x000078db6401a220 Uncommon trap: reason=class_check action=maybe_recompile pc=0x000078db5410be04 method=jdk.internal.foreign.AbstractMemorySegmentImpl$1CleanupAction.run()V @ 15 c2
Event: 4.173 Thread 0x000078db6401a220 DEOPT PACKING pc=0x000078db5410be04 sp=0x000078db68ffe7a0
Event: 4.173 Thread 0x000078db6401a220 DEOPT UNPACKING pc=0x000078db53c58f79 sp=0x000078db68ffe368 mode 2
Event: 4.173 Thread 0x000078db6401a220 Uncommon trap: trap_request=0xffffff45 fr.pc=0x000078db541126d8 relative=0x0000000000000158
Event: 4.173 Thread 0x000078db6401a220 Uncommon trap: reason=unstable_if action=reinterpret pc=0x000078db541126d8 method=org.example.xross.runtime.AliveFlag.<init>(ZLorg/example/xross/runtime/AliveFlag;ZILkotlin/jvm/internal/DefaultConstructorMarker;)V @ 4 c2
Event: 4.173 Thread 0x000078db6401a220 DEOPT PACKING pc=0x000078db541126d8 sp=0x000078db68ffe770
Event: 4.173 Thread 0x000078db6401a220 DEOPT UNPACKING pc=0x000078db53c58f79 sp=0x000078db68ffe740 mode 2
Event: 4.173 Thread 0x000078db6401a220 Uncommon trap: trap_request=0xffffff45 fr.pc=0x000078db5410fc10 relative=0x0000000000000290
Event: 4.173 Thread 0x000078db6401a220 Uncommon trap: reason=unstable_if action=reinterpret pc=0x000078db5410fc10 method=jdk.internal.ref.CleanerImpl$CleanableList.remove(Ljdk/internal/ref/PhantomCleanable;)Z @ 83 c2
Event: 4.173 Thread 0x000078db6401a220 DEOPT PACKING pc=0x000078db5410fc10 sp=0x000078db68ffe7a0
Event: 4.173 Thread 0x000078db6401a220 DEOPT UNPACKING pc=0x000078db53c58f79 sp=0x000078db68ffe738 mode 2
Event: 4.173 Thread 0x000078db6401a220 Uncommon trap: trap_request=0xffffffde fr.pc=0x000078db5410be04 relative=0x0000000000000384
Event: 4.173 Thread 0x000078db6401a220 Uncommon trap: reason=class_check action=maybe_recompile pc=0x000078db5410be04 method=jdk.internal.foreign.AbstractMemorySegmentImpl$1CleanupAction.run()V @ 15 c2
Event: 4.173 Thread 0x000078db6401a220 DEOPT PACKING pc=0x000078db5410be04 sp=0x000078db68ffe7a0
Event: 4.173 Thread 0x000078db6401a220 DEOPT UNPACKING pc=0x000078db53c58f79 sp=0x000078db68ffe368 mode 2
Event: 4.174 Thread 0x000078db6401a220 Uncommon trap: trap_request=0xffffffde fr.pc=0x000078db5410be04 relative=0x0000000000000384
Event: 4.174 Thread 0x000078db6401a220 Uncommon trap: reason=class_check action=maybe_recompile pc=0x000078db5410be04 method=jdk.internal.foreign.AbstractMemorySegmentImpl$1CleanupAction.run()V @ 15 c2
Event: 4.174 Thread 0x000078db6401a220 DEOPT PACKING pc=0x000078db5410be04 sp=0x000078db68ffe7a0
Event: 4.174 Thread 0x000078db6401a220 DEOPT UNPACKING pc=0x000078db53c58f79 sp=0x000078db68ffe368 mode 2

Classes loaded (20 events):
Event: 4.187 Loading class java/util/stream/LongStream done
Event: 4.187 Loading class java/util/stream/LongPipeline done
Event: 4.187 Loading class java/util/stream/LongPipeline$StatelessOp done
Event: 4.187 Loading class java/util/stream/ReferencePipeline$5 done
Event: 4.187 Loading class java/util/function/LongBinaryOperator
Event: 4.187 Loading class java/util/function/LongBinaryOperator done
Event: 4.188 Loading class java/util/stream/ReduceOps$10
Event: 4.188 Loading class java/util/stream/ReduceOps$10 done
Event: 4.188 Loading class java/util/stream/ReduceOps$8ReducingSink
Event: 4.188 Loading class java/util/stream/Sink$OfLong
Event: 4.188 Loading class java/util/stream/Sink$OfLong done
Event: 4.188 Loading class java/util/stream/ReduceOps$8ReducingSink done
Event: 4.188 Loading class java/util/stream/ReferencePipeline$5$1
Event: 4.188 Loading class java/util/stream/ReferencePipeline$5$1 done
Event: 4.188 Loading class jdk/internal/classfile/impl/AbstractPoolEntry$LongEntryImpl
Event: 4.188 Loading class java/lang/classfile/constantpool/LongEntry
Event: 4.189 Loading class java/lang/classfile/constantpool/ConstantValueEntry
Event: 4.189 Loading class java/lang/classfile/constantpool/ConstantValueEntry done
Event: 4.189 Loading class java/lang/classfile/constantpool/LongEntry done
Event: 4.189 Loading class jdk/internal/classfile/impl/AbstractPoolEntry$LongEntryImpl done

Classes unloaded (0 events):
No events

Classes redefined (0 events):
No events

Internal exceptions (20 events):
Event: 0.161 Thread 0x000078db6401a220 Exception <a 'java/lang/NoSuchMethodError'{0x000000074e2c7540}: 'void java.lang.invoke.Invokers$Holder.invoke_MT(java.lang.Object, java.lang.Object, java.lang.Object)'> (0x000000074e2c7540) 
thrown [src/hotspot/share/interpreter/linkResolver.cpp, line 803]
Event: 4.166 Thread 0x000078db6401a220 Exception <a 'java/lang/NoSuchMethodError'{0x000000074d0fb3a0}: 'java.lang.Object java.lang.invoke.DirectMethodHandle$Holder.invokeStaticInit(java.lang.Object, java.lang.Object, java.lang.Object, int, int, long)'> (0x000000074d0fb3a0) 
thrown [src/hotspot/share/interpreter/linkResolver.cpp, line 803]
Event: 4.166 Thread 0x000078db6401a220 Exception <a 'java/lang/NoSuchMethodError'{0x000000074d10b790}: 'java.lang.Object java.lang.invoke.DelegatingMethodHandle$Holder.reinvoke_L(java.lang.Object, java.lang.Object, java.lang.Object, int, int, long)'> (0x000000074d10b790) 
thrown [src/hotspot/share/interpreter/linkResolver.cpp, line 803]
Event: 4.168 Thread 0x000078db6401a220 Exception <a 'java/lang/NoSuchMethodError'{0x000000074d151710}: 'void java.lang.invoke.DirectMethodHandle$Holder.invokeStaticInit(java.lang.Object, java.lang.Object, java.lang.Object, java.lang.Object, int)'> (0x000000074d151710) 
thrown [src/hotspot/share/interpreter/linkResolver.cpp, line 803]
Event: 4.168 Thread 0x000078db6401a220 Exception <a 'java/lang/NoSuchMethodError'{0x000000074d161a70}: 'void java.lang.invoke.DelegatingMethodHandle$Holder.reinvoke_L(java.lang.Object, java.lang.Object, java.lang.Object, java.lang.Object, int)'> (0x000000074d161a70) 
thrown [src/hotspot/share/interpreter/linkResolver.cpp, line 803]
Event: 4.171 Thread 0x000078db6401a220 Exception <a 'java/lang/NoSuchMethodError'{0x000000074d18e148}: 'java.lang.Object java.lang.invoke.DirectMethodHandle$Holder.invokeSpecial(java.lang.Object, java.lang.Object, int, int, long)'> (0x000000074d18e148) 
thrown [src/hotspot/share/interpreter/linkResolver.cpp, line 803]
Event: 4.172 Thread 0x000078db6401a220 Exception <a 'java/lang/NoSuchMethodError'{0x000000074d1b6310}: 'void java.lang.invoke.DirectMethodHandle$Holder.invokeSpecial(java.lang.Object, java.lang.Object, java.lang.Object, int)'> (0x000000074d1b6310) 
thrown [src/hotspot/share/interpreter/linkResolver.cpp, line 803]
Event: 4.178 Thread 0x000078db6401a220 Exception <a 'java/lang/NoSuchMethodError'{0x000000074ce61890}: 'void java.lang.invoke.DirectMethodHandle$Holder.invokeStatic(java.lang.Object, java.lang.Object, java.lang.Object, java.lang.Object, java.lang.Object, int)'> (0x000000074ce61890) 
thrown [src/hotspot/share/interpreter/linkResolver.cpp, line 803]
Event: 4.179 Thread 0x000078db6401a220 Exception <a 'java/lang/NoSuchMethodError'{0x000000074ce698f0}: 'void java.lang.invoke.DirectMethodHandle$Holder.invokeStaticInit(java.lang.Object, java.lang.Object, java.lang.Object, java.lang.Object, java.lang.Object, int)'> (0x000000074ce698f0) 
thrown [src/hotspot/share/interpreter/linkResolver.cpp, line 803]
Event: 4.179 Thread 0x000078db6401a220 Exception <a 'java/lang/NoSuchMethodError'{0x000000074ce79de0}: 'void java.lang.invoke.DelegatingMethodHandle$Holder.reinvoke_L(java.lang.Object, java.lang.Object, java.lang.Object, java.lang.Object, java.lang.Object, int)'> (0x000000074ce79de0) 
thrown [src/hotspot/share/interpreter/linkResolver.cpp, line 803]
Event: 4.181 Thread 0x000078db6401a220 Exception <a 'java/lang/NoSuchMethodError'{0x000000074cee0698}: 'int java.lang.invoke.DirectMethodHandle$Holder.invokeStatic(java.lang.Object, java.lang.Object, java.lang.Object, java.lang.Object)'> (0x000000074cee0698) 
thrown [src/hotspot/share/interpreter/linkResolver.cpp, line 803]
Event: 4.182 Thread 0x000078db6401a220 Exception <a 'java/lang/NoSuchMethodError'{0x000000074cee85e0}: 'int java.lang.invoke.DirectMethodHandle$Holder.invokeStaticInit(java.lang.Object, java.lang.Object, java.lang.Object, java.lang.Object)'> (0x000000074cee85e0) 
thrown [src/hotspot/share/interpreter/linkResolver.cpp, line 803]
Event: 4.183 Thread 0x000078db6401a220 Exception <a 'java/lang/NoSuchMethodError'{0x000000074cf37ad8}: 'int java.lang.invoke.DirectMethodHandle$Holder.invokeStaticInit(java.lang.Object, java.lang.Object, java.lang.Object, java.lang.Object, int, int)'> (0x000000074cf37ad8) 
thrown [src/hotspot/share/interpreter/linkResolver.cpp, line 803]
Event: 4.184 Thread 0x000078db6401a220 Exception <a 'java/lang/NoSuchMethodError'{0x000000074cf47ec0}: 'int java.lang.invoke.DelegatingMethodHandle$Holder.reinvoke_L(java.lang.Object, java.lang.Object, java.lang.Object, java.lang.Object, int, int)'> (0x000000074cf47ec0) 
thrown [src/hotspot/share/interpreter/linkResolver.cpp, line 803]
Event: 4.187 Thread 0x000078db6401a220 Exception <a 'java/lang/NoSuchMethodError'{0x000000074cfaf588}: 'int java.lang.invoke.DirectMethodHandle$Holder.invokeInterface(java.lang.Object, java.lang.Object, int)'> (0x000000074cfaf588) 
thrown [src/hotspot/share/interpreter/linkResolver.cpp, line 803]
Event: 4.190 Thread 0x000078db6401a220 Exception <a 'java/lang/NoSuchMethodError'{0x000000074cfd4590}: 'java.lang.Object java.lang.invoke.DirectMethodHandle$Holder.invokeStatic(java.lang.Object, java.lang.Object, java.lang.Object, java.lang.Object, int)'> (0x000000074cfd4590) 
thrown [src/hotspot/share/interpreter/linkResolver.cpp, line 803]
Event: 4.190 Thread 0x000078db6401a220 Exception <a 'java/lang/NoSuchMethodError'{0x000000074cfdc5c0}: 'java.lang.Object java.lang.invoke.DirectMethodHandle$Holder.invokeStaticInit(java.lang.Object, java.lang.Object, java.lang.Object, java.lang.Object, int)'> (0x000000074cfdc5c0) 
thrown [src/hotspot/share/interpreter/linkResolver.cpp, line 803]
Event: 4.190 Thread 0x000078db6401a220 Exception <a 'java/lang/NoSuchMethodError'{0x000000074cfe4c70}: 'java.lang.Object java.lang.invoke.DirectMethodHandle$Holder.invokeSpecial(java.lang.Object, java.lang.Object, java.lang.Object, java.lang.Object, java.lang.Object, int)'> (0x000000074cfe4c70) 
thrown [src/hotspot/share/interpreter/linkResolver.cpp, line 803]
Event: 4.192 Thread 0x000078db6401a220 Exception <a 'java/lang/NoSuchMethodError'{0x000000074cc23ba0}: 'int java.lang.invoke.DirectMethodHandle$Holder.invokeStaticInit(java.lang.Object, java.lang.Object, java.lang.Object, java.lang.Object, long)'> (0x000000074cc23ba0) 
thrown [src/hotspot/share/interpreter/linkResolver.cpp, line 803]
Event: 4.193 Thread 0x000078db6401a220 Exception <a 'java/lang/NoSuchMethodError'{0x000000074cc33f08}: 'int java.lang.invoke.DelegatingMethodHandle$Holder.reinvoke_L(java.lang.Object, java.lang.Object, java.lang.Object, java.lang.Object, long)'> (0x000000074cc33f08) 
thrown [src/hotspot/share/interpreter/linkResolver.cpp, line 803]

VM Operations (20 events):
Event: 4.162 Executing non-safepoint VM operation: HandshakeAllThreads (CloseScopedMemory)
Event: 4.162 Executing non-safepoint VM operation: HandshakeAllThreads (CloseScopedMemory) done
Event: 4.162 Executing non-safepoint VM operation: HandshakeAllThreads (CloseScopedMemory)
Event: 4.162 Executing non-safepoint VM operation: HandshakeAllThreads (CloseScopedMemory) done
Event: 4.162 Executing non-safepoint VM operation: HandshakeAllThreads (CloseScopedMemory)
Event: 4.162 Executing non-safepoint VM operation: HandshakeAllThreads (CloseScopedMemory) done
Event: 4.163 Executing non-safepoint VM operation: HandshakeAllThreads (Deoptimize)
Event: 4.163 Executing non-safepoint VM operation: HandshakeAllThreads (Deoptimize) done
Event: 4.173 Executing non-safepoint VM operation: HandshakeAllThreads (CloseScopedMemory)
Event: 4.173 Executing non-safepoint VM operation: HandshakeAllThreads (CloseScopedMemory) done
Event: 4.173 Executing non-safepoint VM operation: HandshakeAllThreads (Deoptimize)
Event: 4.173 Executing non-safepoint VM operation: HandshakeAllThreads (Deoptimize) done
Event: 4.173 Executing non-safepoint VM operation: HandshakeAllThreads (CloseScopedMemory)
Event: 4.173 Executing non-safepoint VM operation: HandshakeAllThreads (CloseScopedMemory) done
Event: 4.174 Executing non-safepoint VM operation: HandshakeAllThreads (CloseScopedMemory)
Event: 4.174 Executing non-safepoint VM operation: HandshakeAllThreads (CloseScopedMemory) done
Event: 4.179 Executing non-safepoint VM operation: HandshakeAllThreads (Deoptimize)
Event: 4.179 Executing non-safepoint VM operation: HandshakeAllThreads (Deoptimize) done
Event: 4.189 Executing non-safepoint VM operation: HandshakeAllThreads (Deoptimize)
Event: 4.189 Executing non-safepoint VM operation: HandshakeAllThreads (Deoptimize) done

Memory protections (12 events):
Event: 0.001 Protecting memory [0x000078db68f00000,0x000078db68f04000] with protection modes 0
Event: 0.005 Protecting memory [0x000000004a000000,0x000000004a001000] with protection modes 0
Event: 0.010 Protecting memory [0x000078db396f7000,0x000078db396fb000] with protection modes 0
Event: 0.010 Protecting memory [0x000078db38f00000,0x000078db38f04000] with protection modes 0
Event: 0.010 Protecting memory [0x000078db38e00000,0x000078db38e04000] with protection modes 0
Event: 0.010 Protecting memory [0x000078db38d00000,0x000078db38d04000] with protection modes 0
Event: 0.010 Protecting memory [0x000078db38c00000,0x000078db38c04000] with protection modes 0
Event: 0.011 Protecting memory [0x000078db38b00000,0x000078db38b04000] with protection modes 0
Event: 0.011 Protecting memory [0x000078db38a00000,0x000078db38a04000] with protection modes 0
Event: 0.013 Protecting memory [0x000078db38900000,0x000078db38904000] with protection modes 0
Event: 0.015 Protecting memory [0x000078db38800000,0x000078db38804000] with protection modes 0
Event: 0.052 Protecting memory [0x000078db38650000,0x000078db38654000] with protection modes 0

Nmethod flushes (0 events):
No events

Events (11 events):
Event: 0.006 Thread 0x000078db6401a220 Thread added: 0x000078db6401a220
Event: 0.010 Thread 0x000078db6401a220 Thread added: 0x000078db64113980
Event: 0.010 Thread 0x000078db6401a220 Thread added: 0x000078db64114b70
Event: 0.010 Thread 0x000078db6401a220 Thread added: 0x000078db64116480
Event: 0.010 Thread 0x000078db6401a220 Thread added: 0x000078db64117db0
Event: 0.010 Thread 0x000078db6401a220 Thread added: 0x000078db64119640
Event: 0.011 Thread 0x000078db6401a220 Thread added: 0x000078db6411b450
Event: 0.011 Thread 0x000078db6401a220 Thread added: 0x000078db6411ce00
Event: 0.013 Thread 0x000078db6401a220 Thread added: 0x000078db64129ff0
Event: 0.015 Thread 0x000078db6401a220 Thread added: 0x000078db6412c9c0
Event: 0.052 Thread 0x000078db6401a220 Thread added: 0x000078db641aa090


Dynamic libraries:
4a000000-4a001000 ---p 00000000 00:00 0 
4a001000-4ad8d000 rw-p 00001000 08:02 13267116                           /home/linuxbrew/.linuxbrew/Cellar/openjdk/25.0.2/libexec/lib/server/classes.jsa
4ad8d000-4b000000 ---p 00000000 00:00 0 
4b000000-4b040000 rw-p 00000000 00:00 0 
4b040000-4b090000 rw-p 00000000 00:00 0 
4b090000-8b000000 ---p 00000000 00:00 0 
742e00000-74ec00000 rw-p 00000000 00:00 0 
74ec00000-7ffe00000 ---p 00000000 00:00 0 
7ffe00000-7fff21000 rw-p 00dc0000 08:02 13267116                         /home/linuxbrew/.linuxbrew/Cellar/openjdk/25.0.2/libexec/lib/server/classes.jsa
7fff21000-800000000 rw-p 00000000 00:00 0 
5a254fdb5000-5a254fdb7000 r--p 00000000 08:02 13266505                   /home/linuxbrew/.linuxbrew/Cellar/openjdk/25.0.2/libexec/bin/java
5a254fdb7000-5a254fdb8000 r-xp 00002000 08:02 13266505                   /home/linuxbrew/.linuxbrew/Cellar/openjdk/25.0.2/libexec/bin/java
5a254fdb8000-5a254fdb9000 r--p 00003000 08:02 13266505                   /home/linuxbrew/.linuxbrew/Cellar/openjdk/25.0.2/libexec/bin/java
5a254fdb9000-5a254fdba000 r--p 00003000 08:02 13266505                   /home/linuxbrew/.linuxbrew/Cellar/openjdk/25.0.2/libexec/bin/java
5a254fdba000-5a254fdbe000 rw-p 00004000 08:02 13266505                   /home/linuxbrew/.linuxbrew/Cellar/openjdk/25.0.2/libexec/bin/java
5a2556aa5000-5a2556aee000 rw-p 00000000 00:00 0                          [heap]
78dae4000000-78dae4021000 rw-p 00000000 00:00 0 
78dae4021000-78dae8000000 ---p 00000000 00:00 0 
78daec000000-78daec021000 rw-p 00000000 00:00 0 
78daec021000-78daf0000000 ---p 00000000 00:00 0 
78daf3c2e000-78daf8021000 rw-p 00000000 00:00 0 
78daf8021000-78dafc000000 ---p 00000000 00:00 0 
78dafc000000-78dafc021000 rw-p 00000000 00:00 0 
78dafc021000-78db00000000 ---p 00000000 00:00 0 
78db00000000-78db00021000 rw-p 00000000 00:00 0 
78db00021000-78db04000000 ---p 00000000 00:00 0 
78db04000000-78db04021000 rw-p 00000000 00:00 0 
78db04021000-78db08000000 ---p 00000000 00:00 0 
78db08000000-78db08318000 rw-p 00000000 00:00 0 
78db08318000-78db0c000000 ---p 00000000 00:00 0 
78db0c000000-78db0c5ce000 rw-p 00000000 00:00 0 
78db0c5ce000-78db10000000 ---p 00000000 00:00 0 
78db10000000-78db10021000 rw-p 00000000 00:00 0 
78db10021000-78db14000000 ---p 00000000 00:00 0 
78db14000000-78db14021000 rw-p 00000000 00:00 0 
78db14021000-78db18000000 ---p 00000000 00:00 0 
78db18000000-78db18021000 rw-p 00000000 00:00 0 
78db18021000-78db1c000000 ---p 00000000 00:00 0 
78db1c000000-78db1c021000 rw-p 00000000 00:00 0 
78db1c021000-78db20000000 ---p 00000000 00:00 0 
78db20000000-78db20280000 rw-p 00000000 00:00 0 
78db20280000-78db20400000 ---p 00000000 00:00 0 
78db20400000-78db20510000 rw-p 00000000 00:00 0 
78db20510000-78db24000000 ---p 00000000 00:00 0 
78db24000000-78db24021000 rw-p 00000000 00:00 0 
78db24021000-78db28000000 ---p 00000000 00:00 0 
78db28000000-78db28021000 rw-p 00000000 00:00 0 
78db28021000-78db2c000000 ---p 00000000 00:00 0 
78db2c000000-78db2c021000 rw-p 00000000 00:00 0 
78db2c021000-78db30000000 ---p 00000000 00:00 0 
78db30000000-78db30021000 rw-p 00000000 00:00 0 
78db30021000-78db34000000 ---p 00000000 00:00 0 
78db34000000-78db34021000 rw-p 00000000 00:00 0 
78db34021000-78db38000000 ---p 00000000 00:00 0 
78db3834d000-78db38650000 rw-p 00000000 00:00 0 
78db38650000-78db38654000 ---p 00000000 00:00 0 
78db38654000-78db38750000 rw-p 00000000 00:00 0 
78db38750000-78db38783000 r--p 00000000 00:2e 9997                       /tmp/xross_test_60649759310891896/libxross_example.so
78db38783000-78db387f8000 r-xp 00032000 00:2e 9997                       /tmp/xross_test_60649759310891896/libxross_example.so
78db387f8000-78db387fe000 r--p 000a6000 00:2e 9997                       /tmp/xross_test_60649759310891896/libxross_example.so
78db387fe000-78db38800000 rw-p 000ab000 00:2e 9997                       /tmp/xross_test_60649759310891896/libxross_example.so
78db38800000-78db38804000 ---p 00000000 00:00 0 
78db38804000-78db38900000 rw-p 00000000 00:00 0 
78db38900000-78db38904000 ---p 00000000 00:00 0 
78db38904000-78db38a00000 rw-p 00000000 00:00 0 
78db38a00000-78db38a04000 ---p 00000000 00:00 0 
78db38a04000-78db38b00000 rw-p 00000000 00:00 0 
78db38b00000-78db38b04000 ---p 00000000 00:00 0 
78db38b04000-78db38c00000 rw-p 00000000 00:00 0 
78db38c00000-78db38c04000 ---p 00000000 00:00 0 
78db38c04000-78db38d00000 rw-p 00000000 00:00 0 
78db38d00000-78db38d04000 ---p 00000000 00:00 0 
78db38d04000-78db38e00000 rw-p 00000000 00:00 0 
78db38e00000-78db38e04000 ---p 00000000 00:00 0 
78db38e04000-78db38f00000 rw-p 00000000 00:00 0 
78db38f00000-78db38f04000 ---p 00000000 00:00 0 
78db38f04000-78db39000000 rw-p 00000000 00:00 0 
78db39000000-78db39680000 r--p 00000000 08:02 9175821                    /usr/lib/locale/locale-archive
78db396f7000-78db396fb000 ---p 00000000 00:00 0 
78db396fb000-78db39bfc000 rw-p 00000000 00:00 0 
78db39bfc000-78db3c021000 rw-p 00000000 00:00 0 
78db3c021000-78db40000000 ---p 00000000 00:00 0 
78db40000000-78db40021000 rw-p 00000000 00:00 0 
78db40021000-78db44000000 ---p 00000000 00:00 0 
78db44000000-78db44021000 rw-p 00000000 00:00 0 
78db44021000-78db48000000 ---p 00000000 00:00 0 
78db48000000-78db488e4000 rw-p 00000000 00:00 0 
78db488e4000-78db48ae6000 rw-p 00000000 00:00 0 
78db48ae6000-78db48dde000 rw-p 00000000 00:00 0 
78db48dde000-78db4ba26000 ---p 00000000 00:00 0 
78db4ba26000-78db4ba8d000 rw-p 00000000 00:00 0 
78db4ba8d000-78db4c016000 ---p 00000000 00:00 0 
78db4c016000-78db4c076000 rw-p 00000000 00:00 0 
78db4c076000-78db4c5ff000 ---p 00000000 00:00 0 
78db4c5ff000-78db4c600000 rw-p 00000000 00:00 0 
78db4c600000-78db4c870000 rwxp 00000000 00:00 0 
78db4c870000-78db53b37000 ---p 00000000 00:00 0 
78db53b37000-78db53da7000 rwxp 00000000 00:00 0 
78db53da7000-78db540c8000 ---p 00000000 00:00 0 
78db540c8000-78db54338000 rwxp 00000000 00:00 0 
78db54338000-78db5b600000 ---p 00000000 00:00 0 
78db5b600000-78db63faa000 r--s 00000000 08:02 13267108                   /home/linuxbrew/.linuxbrew/Cellar/openjdk/25.0.2/libexec/lib/modules
78db63fbc000-78db63fbe000 r--p 00000000 08:02 13267103                   /home/linuxbrew/.linuxbrew/Cellar/openjdk/25.0.2/libexec/lib/libsimdsort.so
78db63fbe000-78db63ff6000 r-xp 00002000 08:02 13267103                   /home/linuxbrew/.linuxbrew/Cellar/openjdk/25.0.2/libexec/lib/libsimdsort.so
78db63ff6000-78db63ffc000 r--p 0003a000 08:02 13267103                   /home/linuxbrew/.linuxbrew/Cellar/openjdk/25.0.2/libexec/lib/libsimdsort.so
78db63ffc000-78db63ffd000 r--p 0003f000 08:02 13267103                   /home/linuxbrew/.linuxbrew/Cellar/openjdk/25.0.2/libexec/lib/libsimdsort.so
78db63ffd000-78db63ffe000 rw-p 00040000 08:02 13267103                   /home/linuxbrew/.linuxbrew/Cellar/openjdk/25.0.2/libexec/lib/libsimdsort.so
78db63ffe000-78db64000000 rw-p 00043000 08:02 13267103                   /home/linuxbrew/.linuxbrew/Cellar/openjdk/25.0.2/libexec/lib/libsimdsort.so
78db64000000-78db643c1000 rw-p 00000000 00:00 0 
78db643c1000-78db68000000 ---p 00000000 00:00 0 
78db6801d000-78db6811e000 rw-p 00000000 00:00 0 
78db6811e000-78db68d2f000 rw-p 00000000 00:00 0 
78db68d2f000-78db68e15000 ---p 00000000 00:00 0 
78db68e15000-78db68e1a000 rw-p 00000000 00:00 0 
78db68e1a000-78db68f00000 ---p 00000000 00:00 0 
78db68f00000-78db68f04000 ---p 00000000 00:00 0 
78db68f04000-78db69000000 rw-p 00000000 00:00 0 
78db69000000-78db690a2000 r--p 00000000 08:02 9177552                    /usr/lib/x86_64-linux-gnu/libstdc++.so.6.0.34
78db690a2000-78db691ef000 r-xp 000a2000 08:02 9177552                    /usr/lib/x86_64-linux-gnu/libstdc++.so.6.0.34
78db691ef000-78db69277000 r--p 001ef000 08:02 9177552                    /usr/lib/x86_64-linux-gnu/libstdc++.so.6.0.34
78db69277000-78db69286000 r--p 00276000 08:02 9177552                    /usr/lib/x86_64-linux-gnu/libstdc++.so.6.0.34
78db69286000-78db69289000 rw-p 00285000 08:02 9177552                    /usr/lib/x86_64-linux-gnu/libstdc++.so.6.0.34
78db69289000-78db6928d000 rw-p 00000000 00:00 0 
78db692a4000-78db692a7000 r--p 00000000 08:02 13267107                   /home/linuxbrew/.linuxbrew/Cellar/openjdk/25.0.2/libexec/lib/libzip.so
78db692a7000-78db692ac000 r-xp 00003000 08:02 13267107                   /home/linuxbrew/.linuxbrew/Cellar/openjdk/25.0.2/libexec/lib/libzip.so
78db692ac000-78db692ae000 r--p 00008000 08:02 13267107                   /home/linuxbrew/.linuxbrew/Cellar/openjdk/25.0.2/libexec/lib/libzip.so
78db692ae000-78db692af000 r--p 00009000 08:02 13267107                   /home/linuxbrew/.linuxbrew/Cellar/openjdk/25.0.2/libexec/lib/libzip.so
78db692af000-78db692b0000 rw-p 0000a000 08:02 13267107                   /home/linuxbrew/.linuxbrew/Cellar/openjdk/25.0.2/libexec/lib/libzip.so
78db692b0000-78db692b2000 rw-p 0000d000 08:02 13267107                   /home/linuxbrew/.linuxbrew/Cellar/openjdk/25.0.2/libexec/lib/libzip.so
78db692b2000-78db692f3000 rw-p 00000000 00:00 0 
78db692f3000-78db69304000 r--p 00000000 08:02 9177423                    /usr/lib/x86_64-linux-gnu/libm.so.6
78db69304000-78db6938f000 r-xp 00011000 08:02 9177423                    /usr/lib/x86_64-linux-gnu/libm.so.6
78db6938f000-78db693fe000 r--p 0009c000 08:02 9177423                    /usr/lib/x86_64-linux-gnu/libm.so.6
78db693fe000-78db693ff000 r--p 0010a000 08:02 9177423                    /usr/lib/x86_64-linux-gnu/libm.so.6
78db693ff000-78db69400000 rw-p 0010b000 08:02 9177423                    /usr/lib/x86_64-linux-gnu/libm.so.6
78db69400000-78db696db000 r--p 00000000 08:02 13267121                   /home/linuxbrew/.linuxbrew/Cellar/openjdk/25.0.2/libexec/lib/server/libjvm.so
78db696db000-78db6a463000 r-xp 002db000 08:02 13267121                   /home/linuxbrew/.linuxbrew/Cellar/openjdk/25.0.2/libexec/lib/server/libjvm.so
78db6a463000-78db6a769000 r--p 01063000 08:02 13267121                   /home/linuxbrew/.linuxbrew/Cellar/openjdk/25.0.2/libexec/lib/server/libjvm.so
78db6a769000-78db6a76a000 ---p 01369000 08:02 13267121                   /home/linuxbrew/.linuxbrew/Cellar/openjdk/25.0.2/libexec/lib/server/libjvm.so
78db6a76a000-78db6a852000 r--p 01369000 08:02 13267121                   /home/linuxbrew/.linuxbrew/Cellar/openjdk/25.0.2/libexec/lib/server/libjvm.so
78db6a852000-78db6a87d000 rw-p 01451000 08:02 13267121                   /home/linuxbrew/.linuxbrew/Cellar/openjdk/25.0.2/libexec/lib/server/libjvm.so
78db6a87d000-78db6a8f9000 rw-p 00000000 00:00 0 
78db6a8f9000-78db6a8fd000 rw-p 01967000 08:02 13267121                   /home/linuxbrew/.linuxbrew/Cellar/openjdk/25.0.2/libexec/lib/server/libjvm.so
78db6a907000-78db6a90a000 r--p 00000000 08:02 13267097                   /home/linuxbrew/.linuxbrew/Cellar/openjdk/25.0.2/libexec/lib/libnet.so
78db6a90a000-78db6a912000 r-xp 00003000 08:02 13267097                   /home/linuxbrew/.linuxbrew/Cellar/openjdk/25.0.2/libexec/lib/libnet.so
78db6a912000-78db6a914000 r--p 0000b000 08:02 13267097                   /home/linuxbrew/.linuxbrew/Cellar/openjdk/25.0.2/libexec/lib/libnet.so
78db6a914000-78db6a915000 r--p 0000c000 08:02 13267097                   /home/linuxbrew/.linuxbrew/Cellar/openjdk/25.0.2/libexec/lib/libnet.so
78db6a915000-78db6a916000 rw-p 0000d000 08:02 13267097                   /home/linuxbrew/.linuxbrew/Cellar/openjdk/25.0.2/libexec/lib/libnet.so
78db6a916000-78db6a918000 rw-p 00011000 08:02 13267097                   /home/linuxbrew/.linuxbrew/Cellar/openjdk/25.0.2/libexec/lib/libnet.so
78db6a918000-78db6a9a9000 rw-p 00000000 00:00 0 
78db6a9a9000-78db6a9b6000 r--p 00000000 08:02 13267083                   /home/linuxbrew/.linuxbrew/Cellar/openjdk/25.0.2/libexec/lib/libjava.so
78db6a9b6000-78db6a9c4000 r-xp 0000d000 08:02 13267083                   /home/linuxbrew/.linuxbrew/Cellar/openjdk/25.0.2/libexec/lib/libjava.so
78db6a9c4000-78db6a9c9000 r--p 0001b000 08:02 13267083                   /home/linuxbrew/.linuxbrew/Cellar/openjdk/25.0.2/libexec/lib/libjava.so
78db6a9c9000-78db6a9ca000 ---p 00020000 08:02 13267083                   /home/linuxbrew/.linuxbrew/Cellar/openjdk/25.0.2/libexec/lib/libjava.so
78db6a9ca000-78db6a9cb000 r--p 00020000 08:02 13267083                   /home/linuxbrew/.linuxbrew/Cellar/openjdk/25.0.2/libexec/lib/libjava.so
78db6a9cb000-78db6a9cc000 rw-p 00021000 08:02 13267083                   /home/linuxbrew/.linuxbrew/Cellar/openjdk/25.0.2/libexec/lib/libjava.so
78db6a9cc000-78db6a9cd000 rw-p 00000000 00:00 0 
78db6a9cd000-78db6a9d3000 rw-p 0002c000 08:02 13267083                   /home/linuxbrew/.linuxbrew/Cellar/openjdk/25.0.2/libexec/lib/libjava.so
78db6a9d3000-78db6a9d7000 r--p 00000000 08:02 9177547                    /usr/lib/x86_64-linux-gnu/libgcc_s.so.1
78db6a9d7000-78db6a9fa000 r-xp 00004000 08:02 9177547                    /usr/lib/x86_64-linux-gnu/libgcc_s.so.1
78db6a9fa000-78db6a9fe000 r--p 00027000 08:02 9177547                    /usr/lib/x86_64-linux-gnu/libgcc_s.so.1
78db6a9fe000-78db6a9ff000 r--p 0002a000 08:02 9177547                    /usr/lib/x86_64-linux-gnu/libgcc_s.so.1
78db6a9ff000-78db6aa00000 rw-p 0002b000 08:02 9177547                    /usr/lib/x86_64-linux-gnu/libgcc_s.so.1
78db6aa00000-78db6aa28000 r--p 00000000 08:02 9176997                    /usr/lib/x86_64-linux-gnu/libc.so.6
78db6aa28000-78db6abc1000 r-xp 00028000 08:02 9176997                    /usr/lib/x86_64-linux-gnu/libc.so.6
78db6abc1000-78db6ac30000 r--p 001c1000 08:02 9176997                    /usr/lib/x86_64-linux-gnu/libc.so.6
78db6ac30000-78db6ac34000 r--p 0022f000 08:02 9176997                    /usr/lib/x86_64-linux-gnu/libc.so.6
78db6ac34000-78db6ac36000 rw-p 00233000 08:02 9176997                    /usr/lib/x86_64-linux-gnu/libc.so.6
78db6ac36000-78db6ac43000 rw-p 00000000 00:00 0 
78db6ac48000-78db6ac4f000 r--s 00000000 08:02 9336279                    /usr/lib/x86_64-linux-gnu/gconv/gconv-modules.cache
78db6ac4f000-78db6ac56000 r--p 00000000 08:02 13267098                   /home/linuxbrew/.linuxbrew/Cellar/openjdk/25.0.2/libexec/lib/libnio.so
78db6ac56000-78db6ac5f000 r-xp 00007000 08:02 13267098                   /home/linuxbrew/.linuxbrew/Cellar/openjdk/25.0.2/libexec/lib/libnio.so
78db6ac5f000-78db6ac63000 r--p 00010000 08:02 13267098                   /home/linuxbrew/.linuxbrew/Cellar/openjdk/25.0.2/libexec/lib/libnio.so
78db6ac63000-78db6ac64000 r--p 00013000 08:02 13267098                   /home/linuxbrew/.linuxbrew/Cellar/openjdk/25.0.2/libexec/lib/libnio.so
78db6ac64000-78db6ac65000 rw-p 00014000 08:02 13267098                   /home/linuxbrew/.linuxbrew/Cellar/openjdk/25.0.2/libexec/lib/libnio.so
78db6ac65000-78db6ac6a000 rw-p 0001b000 08:02 13267098                   /home/linuxbrew/.linuxbrew/Cellar/openjdk/25.0.2/libexec/lib/libnio.so
78db6ac6a000-78db6ac6d000 rw-p 00000000 00:00 0 
78db6ac6d000-78db6ac70000 r--p 00000000 08:02 11403538                   /home/linuxbrew/.linuxbrew/Cellar/zlib/1.3.1/lib/libz.so.1.3.1
78db6ac70000-78db6ac7e000 r-xp 00003000 08:02 11403538                   /home/linuxbrew/.linuxbrew/Cellar/zlib/1.3.1/lib/libz.so.1.3.1
78db6ac7e000-78db6ac85000 r--p 00011000 08:02 11403538                   /home/linuxbrew/.linuxbrew/Cellar/zlib/1.3.1/lib/libz.so.1.3.1
78db6ac85000-78db6ac86000 r--p 00017000 08:02 11403538                   /home/linuxbrew/.linuxbrew/Cellar/zlib/1.3.1/lib/libz.so.1.3.1
78db6ac86000-78db6ac87000 rw-p 00018000 08:02 11403538                   /home/linuxbrew/.linuxbrew/Cellar/zlib/1.3.1/lib/libz.so.1.3.1
78db6ac87000-78db6ac88000 rw-p 0001b000 08:02 11403538                   /home/linuxbrew/.linuxbrew/Cellar/zlib/1.3.1/lib/libz.so.1.3.1
78db6ac88000-78db6ac8a000 rw-p 00000000 00:00 0 
78db6ac8b000-78db6ac8c000 rw-p 00000000 00:00 0 
78db6ac8c000-78db6ac8d000 rw-p 00000000 00:00 0 
78db6ac8d000-78db6ac92000 rw-p 00000000 00:00 0 
78db6ac92000-78db6ac99000 ---p 00000000 00:00 0 
78db6ac99000-78db6aca1000 rw-s 00000000 00:2e 9995                       /tmp/hsperfdata_the-infinitys/480440
78db6aca1000-78db6aca2000 ---p 00000000 00:00 0 
78db6aca2000-78db6aca3000 r--p 00000000 00:00 0 
78db6aca3000-78db6aca4000 ---p 00000000 00:00 0 
78db6aca4000-78db6aca6000 r--p 00000000 08:02 13267087                   /home/linuxbrew/.linuxbrew/Cellar/openjdk/25.0.2/libexec/lib/libjimage.so
78db6aca6000-78db6aca9000 r-xp 00002000 08:02 13267087                   /home/linuxbrew/.linuxbrew/Cellar/openjdk/25.0.2/libexec/lib/libjimage.so
78db6aca9000-78db6acaa000 r--p 00005000 08:02 13267087                   /home/linuxbrew/.linuxbrew/Cellar/openjdk/25.0.2/libexec/lib/libjimage.so
78db6acaa000-78db6acab000 ---p 00006000 08:02 13267087                   /home/linuxbrew/.linuxbrew/Cellar/openjdk/25.0.2/libexec/lib/libjimage.so
78db6acab000-78db6acac000 r--p 00006000 08:02 13267087                   /home/linuxbrew/.linuxbrew/Cellar/openjdk/25.0.2/libexec/lib/libjimage.so
78db6acac000-78db6acad000 rw-p 00007000 08:02 13267087                   /home/linuxbrew/.linuxbrew/Cellar/openjdk/25.0.2/libexec/lib/libjimage.so
78db6acad000-78db6acaf000 rw-p 0000a000 08:02 13267087                   /home/linuxbrew/.linuxbrew/Cellar/openjdk/25.0.2/libexec/lib/libjimage.so
78db6acaf000-78db6acb2000 r--p 00000000 08:02 13267088                   /home/linuxbrew/.linuxbrew/Cellar/openjdk/25.0.2/libexec/lib/libjli.so
78db6acb2000-78db6acbc000 r-xp 00003000 08:02 13267088                   /home/linuxbrew/.linuxbrew/Cellar/openjdk/25.0.2/libexec/lib/libjli.so
78db6acbc000-78db6acbf000 r--p 0000d000 08:02 13267088                   /home/linuxbrew/.linuxbrew/Cellar/openjdk/25.0.2/libexec/lib/libjli.so
78db6acbf000-78db6acc0000 ---p 00010000 08:02 13267088                   /home/linuxbrew/.linuxbrew/Cellar/openjdk/25.0.2/libexec/lib/libjli.so
78db6acc0000-78db6acc1000 r--p 00010000 08:02 13267088                   /home/linuxbrew/.linuxbrew/Cellar/openjdk/25.0.2/libexec/lib/libjli.so
78db6acc1000-78db6acc2000 rw-p 00011000 08:02 13267088                   /home/linuxbrew/.linuxbrew/Cellar/openjdk/25.0.2/libexec/lib/libjli.so
78db6acc2000-78db6acc4000 rw-p 00015000 08:02 13267088                   /home/linuxbrew/.linuxbrew/Cellar/openjdk/25.0.2/libexec/lib/libjli.so
78db6acc4000-78db6acc8000 rw-p 00000000 00:00 0 
78db6acc8000-78db6accc000 r--p 00000000 00:00 0                          [vvar]
78db6accc000-78db6acce000 r--p 00000000 00:00 0                          [vvar_vclock]
78db6acce000-78db6acd0000 r-xp 00000000 00:00 0                          [vdso]
78db6acd0000-78db6acd1000 r--p 00000000 08:02 9175995                    /usr/lib/x86_64-linux-gnu/ld-linux-x86-64.so.2
78db6acd1000-78db6acff000 r-xp 00001000 08:02 9175995                    /usr/lib/x86_64-linux-gnu/ld-linux-x86-64.so.2
78db6acff000-78db6ad0d000 r--p 0002f000 08:02 9175995                    /usr/lib/x86_64-linux-gnu/ld-linux-x86-64.so.2
78db6ad0d000-78db6ad0f000 r--p 0003d000 08:02 9175995                    /usr/lib/x86_64-linux-gnu/ld-linux-x86-64.so.2
78db6ad0f000-78db6ad10000 rw-p 0003f000 08:02 9175995                    /usr/lib/x86_64-linux-gnu/ld-linux-x86-64.so.2
78db6ad10000-78db6ad11000 rw-p 00000000 00:00 0 
7fff88a44000-7fff88a67000 rw-p 00000000 00:00 0                          [stack]
ffffffffff600000-ffffffffff601000 --xp 00000000 00:00 0                  [vsyscall]
Total number of mappings: 218

JVMTI agents: none


VM Arguments:
jvm_args: -Dfile.encoding=UTF-8 -Duser.country=JP -Duser.language=ja -Duser.variant 
java_command: org.example.WithXrossAppKt
java_class_path (initial): /home/the-infinitys/github/minecraft.infinite-client/project-xross/xross-example/app/build/classes/java/main:/home/the-infinitys/github/minecraft.infinite-client/project-xross/xross-example/app/build/classes/kotlin/main:/home/the-infinitys/github/minecraft.infinite-client/project-xross/xross-example/app/build/resources/main:/home/the-infinitys/.gradle/caches/modules-2/files-2.1/com.google.guava/guava/33.4.6-jre/4437fb72c3cc5d29554b588d9a97bea12d6a42e1/guava-33.4.6-jre.jar:/home/the-infinitys/.gradle/caches/modules-2/files-2.1/org.jetbrains.kotlin/kotlin-stdlib-jdk7/2.3.10/eb57a55dda1c04e2b68de7d50619dd7526150442/kotlin-stdlib-jdk7-2.3.10.jar:/home/the-infinitys/.gradle/caches/modules-2/files-2.1/org.jetbrains.kotlinx/kotlinx-coroutines-core-jvm/1.10.1/fe066928754beda3d59c8282e04289546465a360/kotlinx-coroutines-core-jvm-1.10.1.jar:/home/the-infinitys/.gradle/caches/modules-2/files-2.1/org.jetbrains.kotlin/kotlin-stdlib/2.3.10/8b80e2f80a3b7daa99c16017f91d4c72cd8b31a6/kotlin-stdlib-2.3.10.jar:/home/the-infinitys/.gradle/caches/modules-2/files-2.1/org.jetbrains.kotlin/kotlin-stdlib-jdk8/2.3.10/626e0d6a554c61b239816b108314301950a20de4/kotlin-stdlib-jdk8-2.3.10.jar:/home/the-infinitys/.gradle/caches/modules-2/files-2.1/com.google.guava/failureaccess/1.0.3/aeaffd00d57023a2c947393ed251f0354f0985fc/failureaccess-1.0.3.jar:/home/the-infinitys/.gradle/caches/modules-2/files-2.1/com.google.guava/listenablefuture/9999.0-empty-to-avoid-conflict-with-guava/b421526c5f297295adef1c886e5246c39d4ac629/listenablefuture-9999.0-empty-to-avoid-conflict-with-guava.jar:/home/the-infinitys/.gradle/caches/modules-2/files-2.1/org.jspecify/jspecify/1.0.0/7425a601c1c7ec76645a78d22b8c6a627edee507/jspecify-1.0.0.jar:/home/the-infinitys/.gradle/caches/modules-2/files-2.1/com.google.errorprone/error_prone_annotations/2.36.0/227d4d4957ccc3dc5761bd897e3a0ee587e750a7/error_prone_annotations-2.36.0.jar:/home/the-infinitys/.gradle/caches/modules-2/files-2.1/com.google.j2objc/j2objc-annotations/3.0.0/7399e65dd7e9ff3404f4535b2f017093bdb134c7/j2objc-annotations-3.0.0.jar:/home/the-infinitys/.gradle/caches/modules-2/files-2.1/org.jetbrains/annotations/23.0.0/8cc20c07506ec18e0834947b84a864bfc094484e/annotations-23.0.0.jar
Launcher Type: SUN_STANDARD

[Global flags]
     intx CICompilerCount                          = 4                                         {product} {ergonomic}
     uint ConcGCThreads                            = 3                                         {product} {ergonomic}
     uint G1ConcRefinementThreads                  = 12                                        {product} {ergonomic}
   size_t G1HeapRegionSize                         = 2097152                                   {product} {ergonomic}
   size_t InitialHeapSize                          = 199229440                                 {product} {ergonomic}
   size_t MarkStackSize                            = 4194304                                   {product} {ergonomic}
   size_t MarkStackSizeMax                         = 536870912                                 {product} {ergonomic}
   size_t MaxHeapSize                              = 3172990976                                {product} {ergonomic}
   size_t MaxNewSize                               = 1902116864                                {product} {ergonomic}
   size_t MinHeapDeltaBytes                        = 2097152                                   {product} {ergonomic}
   size_t MinHeapSize                              = 8388608                                   {product} {ergonomic}
    uintx NonNMethodCodeHeapSize                   = 5836800                                {pd product} {ergonomic}
    uintx NonProfiledCodeHeapSize                  = 122912768                              {pd product} {ergonomic}
    uintx ProfiledCodeHeapSize                     = 122908672                              {pd product} {ergonomic}
    uintx ReservedCodeCacheSize                    = 251658240                              {pd product} {ergonomic}
     bool SegmentedCodeCache                       = true                                      {product} {ergonomic}
   size_t SoftMaxHeapSize                          = 3172990976                             {manageable} {ergonomic}
     bool UseCompressedOops                        = true                           {product lp64_product} {ergonomic}
     bool UseG1GC                                  = true                                      {product} {ergonomic}

Logging:
Log output configuration:
 #0: stdout all=warning uptime,level,tags foldmultilines=false
 #1: stderr all=off uptime,level,tags foldmultilines=false

Release file:
IMPLEMENTOR="Homebrew"
IMPLEMENTOR_VERSION="Homebrew"
JAVA_RUNTIME_VERSION="25.0.2"
JAVA_VERSION="25.0.2"
JAVA_VERSION_DATE="2026-01-20"
LIBC="gnu"
MODULES="java.base java.compiler java.datatransfer java.xml java.prefs java.desktop java.instrument java.logging java.management java.security.sasl java.naming java.rmi java.management.rmi java.net.http java.scripting java.security.jgss java.transaction.xa java.sql java.sql.rowset java.xml.crypto java.se java.smartcardio jdk.accessibility jdk.internal.jvmstat jdk.attach jdk.charsets jdk.internal.opt jdk.zipfs jdk.compiler jdk.crypto.cryptoki jdk.crypto.ec jdk.dynalink jdk.internal.ed jdk.editpad jdk.internal.vm.ci jdk.graal.compiler jdk.graal.compiler.management jdk.hotspot.agent jdk.httpserver jdk.incubator.vector jdk.internal.le jdk.internal.md jdk.jartool jdk.javadoc jdk.jcmd jdk.management jdk.management.agent jdk.jconsole jdk.jdeps jdk.jdwp.agent jdk.jdi jdk.jfr jdk.jlink jdk.jpackage jdk.jshell jdk.jsobject jdk.jstatd jdk.localedata jdk.management.jfr jdk.naming.dns jdk.naming.rmi jdk.net jdk.nio.mapmode jdk.sctp jdk.security.auth jdk.security.jgss jdk.unsupported jdk.unsupported.desktop jdk.xml.dom"
OS_ARCH="x86_64"
OS_NAME="Linux"
SOURCE=""

Environment Variables:
JAVA_HOME=/home/linuxbrew/.linuxbrew/opt/openjdk/libexec
PATH=/home/the-infinitys/.deno/bin:/home/the-infinitys/.python/venv//bin:/home/linuxbrew/.linuxbrew/bin:/home/linuxbrew/.linuxbrew/sbin:/home/the-infinitys/.bin:/home/the-infinitys/.local/bin:/home/the-infinitys/bin:/home/the-infinitys/.local/kitty.app/bin:/home/the-infinitys/.bun/bin:/home/the-infinitys/.cargo/bin:/usr/local/sbin:/usr/local/bin:/usr/sbin:/usr/bin:/sbin:/bin:/usr/games:/usr/local/games:/snap/bin:/home/the-infinitys/.lmstudio/bin
LD_LIBRARY_PATH=/usr/lib/mesa-diverted/x86_64-linux-gnu:/usr/lib/x86_64-linux-gnu/mesa:/usr/lib/x86_64-linux-gnu/dri:/usr/lib/x86_64-linux-gnu/gallium-pipe
SHELL=/usr/bin/zsh
DISPLAY=:20
LANG=ja_JP.UTF-8
LC_NUMERIC=ja_JP.UTF-8
LC_TIME=ja_JP.UTF-8
TERM=xterm-256color

Active Locale:
LC_ALL=ja_JP.UTF-8
LC_COLLATE=ja_JP.UTF-8
LC_CTYPE=ja_JP.UTF-8
LC_MESSAGES=ja_JP.UTF-8
LC_MONETARY=ja_JP.UTF-8
LC_NUMERIC=ja_JP.UTF-8
LC_TIME=ja_JP.UTF-8

Signal Handlers:
   SIGSEGV: crash_handler in libjvm.so, mask=11100100010111111101111111111110, flags=SA_RESTART|SA_SIGINFO, unblocked
    SIGBUS: crash_handler in libjvm.so, mask=11100100010111111101111111111110, flags=SA_RESTART|SA_SIGINFO, unblocked
    SIGFPE: crash_handler in libjvm.so, mask=11100100010111111101111111111110, flags=SA_RESTART|SA_SIGINFO, unblocked
   SIGPIPE: javaSignalHandler in libjvm.so, mask=11100100010111111101111111111110, flags=SA_RESTART|SA_SIGINFO, blocked
   SIGXFSZ: javaSignalHandler in libjvm.so, mask=11100100010111111101111111111110, flags=SA_RESTART|SA_SIGINFO, blocked
    SIGILL: crash_handler in libjvm.so, mask=11100100010111111101111111111110, flags=SA_RESTART|SA_SIGINFO, unblocked
   SIGUSR2: SR_handler in libjvm.so, mask=00000000000000000000000000000000, flags=SA_RESTART|SA_SIGINFO, blocked
    SIGHUP: UserHandler in libjvm.so, mask=11100100010111111101111111111110, flags=SA_RESTART|SA_SIGINFO, blocked
    SIGINT: UserHandler in libjvm.so, mask=11100100010111111101111111111110, flags=SA_RESTART|SA_SIGINFO, blocked
   SIGTERM: UserHandler in libjvm.so, mask=11100100010111111101111111111110, flags=SA_RESTART|SA_SIGINFO, blocked
   SIGQUIT: UserHandler in libjvm.so, mask=11100100010111111101111111111110, flags=SA_RESTART|SA_SIGINFO, blocked
   SIGTRAP: crash_handler in libjvm.so, mask=11100100010111111101111111111110, flags=SA_RESTART|SA_SIGINFO, unblocked


Compilation memory statistics disabled.

Periodic native trim disabled

---------------  S Y S T E M  ---------------

OS:
DISTRIB_ID=Ubuntu
DISTRIB_RELEASE=25.10
DISTRIB_CODENAME=questing
DISTRIB_DESCRIPTION="Ubuntu 25.10"
uname: Linux 6.17.0-14-generic #14-Ubuntu SMP PREEMPT_DYNAMIC Fri Jan  9 17:01:16 UTC 2026 x86_64
OS uptime: 0 days 13:44 hours
libc: glibc 2.42 NPTL 2.42 
rlimit (soft/hard): STACK 8192k/infinity , CORE 0k/infinity , NPROC 15189/15189 , NOFILE 524288/524288 , AS infinity/infinity , CPU infinity/infinity , DATA infinity/infinity , FSIZE infinity/infinity , MEMLOCK 8192k/8192k
load average: 1.92 1.24 1.04

/proc/meminfo:
MemTotal:       12391356 kB
MemFree:          163508 kB
MemAvailable:    1697884 kB
Buffers:           10956 kB
Cached:          1773312 kB
SwapCached:         6660 kB
Active:          2375500 kB
Inactive:        5678556 kB
Active(anon):    1572388 kB
Inactive(anon):  4782796 kB
Active(file):     803112 kB
Inactive(file):   895760 kB
Unevictable:        6724 kB
Mlocked:             564 kB
SwapTotal:      31502672 kB
SwapFree:       19738432 kB
Zswap:                 0 kB
Zswapped:              0 kB
Dirty:             26040 kB
Writeback:             0 kB
AnonPages:       6276956 kB
Mapped:           498740 kB
Shmem:             84736 kB
KReclaimable:     139340 kB
Slab:             538052 kB
SReclaimable:     139340 kB
SUnreclaim:       398712 kB
KernelStack:       45392 kB
PageTables:       128416 kB
SecPageTables:         0 kB
NFS_Unstable:          0 kB
Bounce:                0 kB
WritebackTmp:          0 kB
CommitLimit:    37698348 kB
Committed_AS:   45186584 kB
VmallocTotal:   34359738367 kB
VmallocUsed:      409116 kB
VmallocChunk:          0 kB
Percpu:            15104 kB
HardwareCorrupted:     0 kB
AnonHugePages:         0 kB
ShmemHugePages:        0 kB
ShmemPmdMapped:        0 kB
FileHugePages:     18432 kB
FilePmdMapped:     10240 kB
CmaTotal:              0 kB
CmaFree:               0 kB
Unaccepted:            0 kB
Balloon:               0 kB
HugePages_Total:       0
HugePages_Free:        0
HugePages_Rsvd:        0
HugePages_Surp:        0
Hugepagesize:       2048 kB
Hugetlb:               0 kB
DirectMap4k:      302288 kB
DirectMap2M:    11231232 kB
DirectMap1G:     1048576 kB

/sys/kernel/mm/transparent_hugepage/enabled: always [madvise] never
/sys/kernel/mm/transparent_hugepage/hpage_pmd_size: 2097152
/sys/kernel/mm/transparent_hugepage/shmem_enabled: always within_size advise [never] deny force
/sys/kernel/mm/transparent_hugepage/defrag (defrag/compaction efforts parameter): always defer defer+madvise [madvise] never

Process Memory:
Virtual Size: 6244836K (peak: 6303128K)
Resident Set Size: 186016K (peak: 186016K) (anon: 159684K, file: 25768K, shmem: 564K)
Swapped out: 0K
C-Heap outstanding allocations: 111786K, retained: 4133K
glibc malloc tunables: (default)

/proc/sys/kernel/threads-max (system-wide limit on the number of threads): 30379
/proc/sys/vm/max_map_count (maximum number of memory map areas a process may have): 1048576
/proc/sys/vm/swappiness (control to define how aggressively the kernel swaps out anonymous memory): 100
/proc/sys/kernel/pid_max (system-wide limit on number of process identifiers): 4194304

container information not found.
Hyper-V virtualization detected
Steal ticks since vm start: 0
Steal ticks percentage since vm start:  0.000

CPU: total 15 (initial active 15) (8 cores per cpu, 2 threads per core) family 6 model 151 stepping 2 microcode 0xffffffff, cx8, cmov, fxsr, ht, mmx, 3dnowpref, sse, sse2, sse3, ssse3, sse4.1, sse4.2, popcnt, lzcnt, tsc, tscinvbit, avx, avx2, aes, erms, clmul, bmi1, bmi2, adx, sha, fma, vzeroupper, clflush, clflushopt, clwb, hv, serialize, rdtscp, rdpid, fsrm, gfni, f16c, cet_ibt, cet_ss
CPU Model and flags from /proc/cpuinfo:
model name	: 12th Gen Intel(R) Core(TM) i7-12700
flags		: fpu vme de pse tsc msr pae mce cx8 apic sep mtrr pge mca cmov pat pse36 clflush mmx fxsr sse sse2 ss ht syscall nx pdpe1gb rdtscp lm constant_tsc rep_good nopl xtopology tsc_reliable nonstop_tsc cpuid aperfmperf tsc_known_freq pni pclmulqdq vmx ssse3 fma cx16 pcid sse4_1 sse4_2 x2apic movbe popcnt tsc_deadline_timer aes xsave avx f16c rdrand hypervisor lahf_lm abm 3dnowprefetch ssbd ibrs ibpb stibp ibrs_enhanced tpr_shadow ept vpid ept_ad fsgsbase tsc_adjust bmi1 avx2 smep bmi2 erms invpcid rdseed adx smap clflushopt clwb sha_ni xsaveopt xsavec xgetbv1 xsaves user_shstk avx_vnni vnmi umip waitpkg gfni vaes vpclmulqdq rdpid movdiri movdir64b fsrm md_clear serialize ibt flush_l1d arch_capabilities

Online cpus: 0-14
Offline cpus: 
BIOS frequency limitation: <Not Available>
Frequency switch latency (ns): <Not Available>
Available cpu frequencies: <Not Available>
Current governor: <Not Available>
Core performance/turbo boost: <Not Available>

Memory: 4k page, physical 12391356k(1697884k free), swap 31502672k(19738480k free)
Page Sizes: 4k

vm_info: OpenJDK 64-Bit Server VM (25.0.2) for linux-amd64 JRE (25.0.2), built on 2025-12-18T08:04:02Z with gcc 12.3.0

END.
